{"/Users/asanjuan/bootcamp/collab/skylab-bootcamp-201809/staff/ana-sanjuan/skysquare/skysquare-api/logic/index.spec.js":{"path":"/Users/asanjuan/bootcamp/collab/skylab-bootcamp-201809/staff/ana-sanjuan/skysquare/skysquare-api/logic/index.spec.js","statementMap":{"0":{"start":{"line":3,"column":67},"end":{"line":3,"column":92}},"1":{"start":{"line":4,"column":14},"end":{"line":4,"column":26}},"2":{"start":{"line":5,"column":69},"end":{"line":5,"column":89}},"3":{"start":{"line":6,"column":11},"end":{"line":6,"column":24}},"4":{"start":{"line":8,"column":19},"end":{"line":8,"column":34}},"5":{"start":{"line":10,"column":18},"end":{"line":10,"column":60}},"6":{"start":{"line":12,"column":15},"end":{"line":12,"column":32}},"7":{"start":{"line":14,"column":17},"end":{"line":14,"column":38}},"8":{"start":{"line":16,"column":0},"end":{"line":20,"column":2}},"9":{"start":{"line":22,"column":0},"end":{"line":2730,"column":2}},"10":{"start":{"line":23,"column":4},"end":{"line":23,"column":94}},"11":{"start":{"line":23,"column":17},"end":{"line":23,"column":93}},"12":{"start":{"line":25,"column":4},"end":{"line":25,"column":114}},"13":{"start":{"line":25,"column":21},"end":{"line":25,"column":113}},"14":{"start":{"line":27,"column":4},"end":{"line":1127,"column":6}},"15":{"start":{"line":28,"column":8},"end":{"line":357,"column":10}},"16":{"start":{"line":30,"column":12},"end":{"line":39,"column":14}},"17":{"start":{"line":31,"column":16},"end":{"line":31,"column":29}},"18":{"start":{"line":32,"column":16},"end":{"line":32,"column":31}},"19":{"start":{"line":33,"column":16},"end":{"line":33,"column":57}},"20":{"start":{"line":34,"column":16},"end":{"line":34,"column":48}},"21":{"start":{"line":35,"column":16},"end":{"line":35,"column":39}},"22":{"start":{"line":36,"column":16},"end":{"line":36,"column":31}},"23":{"start":{"line":37,"column":16},"end":{"line":37,"column":50}},"24":{"start":{"line":41,"column":12},"end":{"line":61,"column":14}},"25":{"start":{"line":42,"column":28},"end":{"line":42,"column":109}},"26":{"start":{"line":44,"column":16},"end":{"line":44,"column":43}},"27":{"start":{"line":46,"column":28},"end":{"line":46,"column":45}},"28":{"start":{"line":48,"column":16},"end":{"line":48,"column":48}},"29":{"start":{"line":50,"column":29},"end":{"line":50,"column":34}},"30":{"start":{"line":52,"column":16},"end":{"line":52,"column":49}},"31":{"start":{"line":53,"column":16},"end":{"line":53,"column":48}},"32":{"start":{"line":54,"column":16},"end":{"line":54,"column":54}},"33":{"start":{"line":55,"column":16},"end":{"line":55,"column":50}},"34":{"start":{"line":56,"column":16},"end":{"line":56,"column":56}},"35":{"start":{"line":57,"column":16},"end":{"line":57,"column":56}},"36":{"start":{"line":58,"column":16},"end":{"line":58,"column":52}},"37":{"start":{"line":59,"column":16},"end":{"line":59,"column":50}},"38":{"start":{"line":63,"column":12},"end":{"line":82,"column":14}},"39":{"start":{"line":64,"column":29},"end":{"line":64,"column":98}},"40":{"start":{"line":66,"column":16},"end":{"line":66,"column":33}},"41":{"start":{"line":68,"column":30},"end":{"line":68,"column":35}},"42":{"start":{"line":69,"column":33},"end":{"line":69,"column":43}},"43":{"start":{"line":70,"column":34},"end":{"line":70,"column":55}},"44":{"start":{"line":71,"column":34},"end":{"line":71,"column":46}},"45":{"start":{"line":72,"column":32},"end":{"line":72,"column":40}},"46":{"start":{"line":73,"column":31},"end":{"line":73,"column":57}},"47":{"start":{"line":75,"column":16},"end":{"line":81,"column":17}},"48":{"start":{"line":76,"column":20},"end":{"line":76,"column":107}},"49":{"start":{"line":77,"column":20},"end":{"line":77,"column":44}},"50":{"start":{"line":79,"column":20},"end":{"line":79,"column":70}},"51":{"start":{"line":80,"column":20},"end":{"line":80,"column":76}},"52":{"start":{"line":84,"column":12},"end":{"line":86,"column":14}},"53":{"start":{"line":85,"column":16},"end":{"line":85,"column":163}},"54":{"start":{"line":85,"column":31},"end":{"line":85,"column":111}},"55":{"start":{"line":88,"column":12},"end":{"line":90,"column":14}},"56":{"start":{"line":89,"column":16},"end":{"line":89,"column":160}},"57":{"start":{"line":89,"column":31},"end":{"line":89,"column":108}},"58":{"start":{"line":92,"column":12},"end":{"line":94,"column":14}},"59":{"start":{"line":93,"column":16},"end":{"line":93,"column":162}},"60":{"start":{"line":93,"column":31},"end":{"line":93,"column":110}},"61":{"start":{"line":96,"column":12},"end":{"line":98,"column":14}},"62":{"start":{"line":97,"column":16},"end":{"line":97,"column":159}},"63":{"start":{"line":97,"column":31},"end":{"line":97,"column":107}},"64":{"start":{"line":100,"column":12},"end":{"line":102,"column":14}},"65":{"start":{"line":101,"column":16},"end":{"line":101,"column":159}},"66":{"start":{"line":101,"column":31},"end":{"line":101,"column":107}},"67":{"start":{"line":104,"column":12},"end":{"line":125,"column":14}},"68":{"start":{"line":106,"column":28},"end":{"line":106,"column":112}},"69":{"start":{"line":108,"column":16},"end":{"line":108,"column":43}},"70":{"start":{"line":110,"column":28},"end":{"line":110,"column":45}},"71":{"start":{"line":112,"column":16},"end":{"line":112,"column":48}},"72":{"start":{"line":114,"column":29},"end":{"line":114,"column":34}},"73":{"start":{"line":116,"column":16},"end":{"line":116,"column":49}},"74":{"start":{"line":117,"column":16},"end":{"line":117,"column":48}},"75":{"start":{"line":118,"column":16},"end":{"line":118,"column":54}},"76":{"start":{"line":119,"column":16},"end":{"line":119,"column":50}},"77":{"start":{"line":120,"column":16},"end":{"line":120,"column":56}},"78":{"start":{"line":121,"column":16},"end":{"line":121,"column":56}},"79":{"start":{"line":122,"column":16},"end":{"line":122,"column":55}},"80":{"start":{"line":123,"column":16},"end":{"line":123,"column":50}},"81":{"start":{"line":127,"column":12},"end":{"line":148,"column":14}},"82":{"start":{"line":129,"column":28},"end":{"line":129,"column":113}},"83":{"start":{"line":131,"column":16},"end":{"line":131,"column":43}},"84":{"start":{"line":133,"column":28},"end":{"line":133,"column":45}},"85":{"start":{"line":135,"column":16},"end":{"line":135,"column":48}},"86":{"start":{"line":137,"column":29},"end":{"line":137,"column":34}},"87":{"start":{"line":139,"column":16},"end":{"line":139,"column":49}},"88":{"start":{"line":140,"column":16},"end":{"line":140,"column":48}},"89":{"start":{"line":141,"column":16},"end":{"line":141,"column":54}},"90":{"start":{"line":142,"column":16},"end":{"line":142,"column":50}},"91":{"start":{"line":143,"column":16},"end":{"line":143,"column":56}},"92":{"start":{"line":144,"column":16},"end":{"line":144,"column":56}},"93":{"start":{"line":145,"column":16},"end":{"line":145,"column":52}},"94":{"start":{"line":146,"column":16},"end":{"line":146,"column":54}},"95":{"start":{"line":150,"column":12},"end":{"line":169,"column":14}},"96":{"start":{"line":151,"column":28},"end":{"line":151,"column":107}},"97":{"start":{"line":153,"column":16},"end":{"line":153,"column":43}},"98":{"start":{"line":155,"column":28},"end":{"line":155,"column":45}},"99":{"start":{"line":157,"column":16},"end":{"line":157,"column":48}},"100":{"start":{"line":159,"column":29},"end":{"line":159,"column":34}},"101":{"start":{"line":161,"column":16},"end":{"line":161,"column":49}},"102":{"start":{"line":162,"column":16},"end":{"line":162,"column":48}},"103":{"start":{"line":163,"column":16},"end":{"line":163,"column":54}},"104":{"start":{"line":164,"column":16},"end":{"line":164,"column":50}},"105":{"start":{"line":165,"column":16},"end":{"line":165,"column":56}},"106":{"start":{"line":166,"column":16},"end":{"line":166,"column":56}},"107":{"start":{"line":167,"column":16},"end":{"line":167,"column":55}},"108":{"start":{"line":168,"column":16},"end":{"line":168,"column":50}},"109":{"start":{"line":171,"column":12},"end":{"line":190,"column":14}},"110":{"start":{"line":172,"column":28},"end":{"line":172,"column":108}},"111":{"start":{"line":174,"column":16},"end":{"line":174,"column":43}},"112":{"start":{"line":176,"column":28},"end":{"line":176,"column":45}},"113":{"start":{"line":178,"column":16},"end":{"line":178,"column":48}},"114":{"start":{"line":180,"column":29},"end":{"line":180,"column":34}},"115":{"start":{"line":182,"column":16},"end":{"line":182,"column":49}},"116":{"start":{"line":183,"column":16},"end":{"line":183,"column":48}},"117":{"start":{"line":184,"column":16},"end":{"line":184,"column":54}},"118":{"start":{"line":185,"column":16},"end":{"line":185,"column":50}},"119":{"start":{"line":186,"column":16},"end":{"line":186,"column":56}},"120":{"start":{"line":187,"column":16},"end":{"line":187,"column":56}},"121":{"start":{"line":188,"column":16},"end":{"line":188,"column":52}},"122":{"start":{"line":189,"column":16},"end":{"line":189,"column":54}},"123":{"start":{"line":192,"column":12},"end":{"line":194,"column":14}},"124":{"start":{"line":193,"column":16},"end":{"line":193,"column":154}},"125":{"start":{"line":193,"column":31},"end":{"line":193,"column":104}},"126":{"start":{"line":196,"column":12},"end":{"line":198,"column":14}},"127":{"start":{"line":197,"column":16},"end":{"line":197,"column":154}},"128":{"start":{"line":197,"column":31},"end":{"line":197,"column":101}},"129":{"start":{"line":200,"column":12},"end":{"line":202,"column":14}},"130":{"start":{"line":201,"column":16},"end":{"line":201,"column":154}},"131":{"start":{"line":201,"column":31},"end":{"line":201,"column":103}},"132":{"start":{"line":204,"column":12},"end":{"line":206,"column":14}},"133":{"start":{"line":205,"column":16},"end":{"line":205,"column":154}},"134":{"start":{"line":205,"column":31},"end":{"line":205,"column":100}},"135":{"start":{"line":208,"column":12},"end":{"line":210,"column":14}},"136":{"start":{"line":209,"column":16},"end":{"line":209,"column":154}},"137":{"start":{"line":209,"column":31},"end":{"line":209,"column":100}},"138":{"start":{"line":212,"column":12},"end":{"line":214,"column":14}},"139":{"start":{"line":213,"column":16},"end":{"line":213,"column":159}},"140":{"start":{"line":213,"column":31},"end":{"line":213,"column":109}},"141":{"start":{"line":216,"column":12},"end":{"line":218,"column":14}},"142":{"start":{"line":217,"column":16},"end":{"line":217,"column":161}},"143":{"start":{"line":217,"column":31},"end":{"line":217,"column":108}},"144":{"start":{"line":220,"column":12},"end":{"line":222,"column":14}},"145":{"start":{"line":221,"column":16},"end":{"line":221,"column":160}},"146":{"start":{"line":221,"column":31},"end":{"line":221,"column":109}},"147":{"start":{"line":224,"column":12},"end":{"line":226,"column":14}},"148":{"start":{"line":225,"column":16},"end":{"line":225,"column":161}},"149":{"start":{"line":225,"column":31},"end":{"line":225,"column":107}},"150":{"start":{"line":228,"column":12},"end":{"line":230,"column":14}},"151":{"start":{"line":229,"column":16},"end":{"line":229,"column":159}},"152":{"start":{"line":229,"column":31},"end":{"line":229,"column":105}},"153":{"start":{"line":232,"column":12},"end":{"line":234,"column":14}},"154":{"start":{"line":233,"column":16},"end":{"line":233,"column":168}},"155":{"start":{"line":233,"column":31},"end":{"line":233,"column":110}},"156":{"start":{"line":236,"column":12},"end":{"line":238,"column":14}},"157":{"start":{"line":237,"column":16},"end":{"line":237,"column":168}},"158":{"start":{"line":237,"column":31},"end":{"line":237,"column":110}},"159":{"start":{"line":240,"column":12},"end":{"line":242,"column":14}},"160":{"start":{"line":241,"column":16},"end":{"line":241,"column":168}},"161":{"start":{"line":241,"column":31},"end":{"line":241,"column":110}},"162":{"start":{"line":244,"column":12},"end":{"line":246,"column":14}},"163":{"start":{"line":245,"column":16},"end":{"line":245,"column":168}},"164":{"start":{"line":245,"column":31},"end":{"line":245,"column":110}},"165":{"start":{"line":248,"column":12},"end":{"line":250,"column":14}},"166":{"start":{"line":249,"column":16},"end":{"line":249,"column":168}},"167":{"start":{"line":249,"column":31},"end":{"line":249,"column":110}},"168":{"start":{"line":252,"column":12},"end":{"line":254,"column":14}},"169":{"start":{"line":253,"column":16},"end":{"line":253,"column":168}},"170":{"start":{"line":253,"column":31},"end":{"line":253,"column":110}},"171":{"start":{"line":256,"column":12},"end":{"line":258,"column":14}},"172":{"start":{"line":257,"column":16},"end":{"line":257,"column":168}},"173":{"start":{"line":257,"column":31},"end":{"line":257,"column":110}},"174":{"start":{"line":260,"column":12},"end":{"line":262,"column":14}},"175":{"start":{"line":261,"column":16},"end":{"line":261,"column":153}},"176":{"start":{"line":261,"column":31},"end":{"line":261,"column":106}},"177":{"start":{"line":264,"column":12},"end":{"line":266,"column":14}},"178":{"start":{"line":265,"column":16},"end":{"line":265,"column":150}},"179":{"start":{"line":265,"column":31},"end":{"line":265,"column":103}},"180":{"start":{"line":268,"column":12},"end":{"line":270,"column":14}},"181":{"start":{"line":269,"column":16},"end":{"line":269,"column":152}},"182":{"start":{"line":269,"column":31},"end":{"line":269,"column":105}},"183":{"start":{"line":272,"column":12},"end":{"line":274,"column":14}},"184":{"start":{"line":273,"column":16},"end":{"line":273,"column":149}},"185":{"start":{"line":273,"column":31},"end":{"line":273,"column":102}},"186":{"start":{"line":276,"column":12},"end":{"line":278,"column":14}},"187":{"start":{"line":277,"column":16},"end":{"line":277,"column":149}},"188":{"start":{"line":277,"column":31},"end":{"line":277,"column":102}},"189":{"start":{"line":280,"column":12},"end":{"line":282,"column":14}},"190":{"start":{"line":281,"column":16},"end":{"line":281,"column":151}},"191":{"start":{"line":281,"column":31},"end":{"line":281,"column":104}},"192":{"start":{"line":284,"column":12},"end":{"line":286,"column":14}},"193":{"start":{"line":285,"column":16},"end":{"line":285,"column":152}},"194":{"start":{"line":285,"column":31},"end":{"line":285,"column":105}},"195":{"start":{"line":288,"column":12},"end":{"line":290,"column":14}},"196":{"start":{"line":289,"column":16},"end":{"line":289,"column":147}},"197":{"start":{"line":289,"column":31},"end":{"line":289,"column":104}},"198":{"start":{"line":292,"column":12},"end":{"line":294,"column":14}},"199":{"start":{"line":293,"column":16},"end":{"line":293,"column":144}},"200":{"start":{"line":293,"column":31},"end":{"line":293,"column":101}},"201":{"start":{"line":296,"column":12},"end":{"line":298,"column":14}},"202":{"start":{"line":297,"column":16},"end":{"line":297,"column":146}},"203":{"start":{"line":297,"column":31},"end":{"line":297,"column":103}},"204":{"start":{"line":300,"column":12},"end":{"line":302,"column":14}},"205":{"start":{"line":301,"column":16},"end":{"line":301,"column":143}},"206":{"start":{"line":301,"column":31},"end":{"line":301,"column":100}},"207":{"start":{"line":304,"column":12},"end":{"line":306,"column":14}},"208":{"start":{"line":305,"column":16},"end":{"line":305,"column":143}},"209":{"start":{"line":305,"column":31},"end":{"line":305,"column":100}},"210":{"start":{"line":308,"column":12},"end":{"line":310,"column":14}},"211":{"start":{"line":309,"column":16},"end":{"line":309,"column":145}},"212":{"start":{"line":309,"column":31},"end":{"line":309,"column":102}},"213":{"start":{"line":312,"column":12},"end":{"line":314,"column":14}},"214":{"start":{"line":313,"column":16},"end":{"line":313,"column":146}},"215":{"start":{"line":313,"column":31},"end":{"line":313,"column":103}},"216":{"start":{"line":316,"column":12},"end":{"line":320,"column":14}},"217":{"start":{"line":317,"column":29},"end":{"line":317,"column":42}},"218":{"start":{"line":319,"column":16},"end":{"line":319,"column":160}},"219":{"start":{"line":319,"column":31},"end":{"line":319,"column":108}},"220":{"start":{"line":322,"column":12},"end":{"line":326,"column":14}},"221":{"start":{"line":323,"column":29},"end":{"line":323,"column":42}},"222":{"start":{"line":325,"column":16},"end":{"line":325,"column":157}},"223":{"start":{"line":325,"column":31},"end":{"line":325,"column":105}},"224":{"start":{"line":328,"column":12},"end":{"line":332,"column":14}},"225":{"start":{"line":329,"column":29},"end":{"line":329,"column":42}},"226":{"start":{"line":331,"column":16},"end":{"line":331,"column":159}},"227":{"start":{"line":331,"column":31},"end":{"line":331,"column":107}},"228":{"start":{"line":334,"column":12},"end":{"line":338,"column":14}},"229":{"start":{"line":335,"column":29},"end":{"line":335,"column":42}},"230":{"start":{"line":337,"column":16},"end":{"line":337,"column":156}},"231":{"start":{"line":337,"column":31},"end":{"line":337,"column":104}},"232":{"start":{"line":340,"column":12},"end":{"line":344,"column":14}},"233":{"start":{"line":341,"column":29},"end":{"line":341,"column":42}},"234":{"start":{"line":343,"column":16},"end":{"line":343,"column":156}},"235":{"start":{"line":343,"column":31},"end":{"line":343,"column":104}},"236":{"start":{"line":346,"column":12},"end":{"line":350,"column":14}},"237":{"start":{"line":347,"column":29},"end":{"line":347,"column":42}},"238":{"start":{"line":349,"column":16},"end":{"line":349,"column":158}},"239":{"start":{"line":349,"column":31},"end":{"line":349,"column":106}},"240":{"start":{"line":352,"column":12},"end":{"line":356,"column":14}},"241":{"start":{"line":353,"column":29},"end":{"line":353,"column":42}},"242":{"start":{"line":355,"column":16},"end":{"line":355,"column":159}},"243":{"start":{"line":355,"column":31},"end":{"line":355,"column":107}},"244":{"start":{"line":359,"column":8},"end":{"line":469,"column":10}},"245":{"start":{"line":361,"column":12},"end":{"line":371,"column":14}},"246":{"start":{"line":362,"column":29},"end":{"line":362,"column":35}},"247":{"start":{"line":363,"column":32},"end":{"line":363,"column":37}},"248":{"start":{"line":364,"column":30},"end":{"line":364,"column":63}},"249":{"start":{"line":365,"column":33},"end":{"line":365,"column":54}},"250":{"start":{"line":366,"column":33},"end":{"line":366,"column":45}},"251":{"start":{"line":367,"column":31},"end":{"line":367,"column":37}},"252":{"start":{"line":368,"column":30},"end":{"line":368,"column":56}},"253":{"start":{"line":370,"column":16},"end":{"line":370,"column":105}},"254":{"start":{"line":373,"column":12},"end":{"line":380,"column":14}},"255":{"start":{"line":374,"column":44},"end":{"line":374,"column":48}},"256":{"start":{"line":376,"column":27},"end":{"line":376,"column":72}},"257":{"start":{"line":378,"column":16},"end":{"line":378,"column":44}},"258":{"start":{"line":379,"column":16},"end":{"line":379,"column":47}},"259":{"start":{"line":382,"column":12},"end":{"line":394,"column":14}},"260":{"start":{"line":383,"column":30},"end":{"line":383,"column":63}},"261":{"start":{"line":384,"column":37},"end":{"line":384,"column":41}},"262":{"start":{"line":386,"column":16},"end":{"line":393,"column":17}},"263":{"start":{"line":387,"column":31},"end":{"line":387,"column":76}},"264":{"start":{"line":388,"column":20},"end":{"line":388,"column":44}},"265":{"start":{"line":390,"column":20},"end":{"line":390,"column":65}},"266":{"start":{"line":392,"column":20},"end":{"line":392,"column":68}},"267":{"start":{"line":396,"column":12},"end":{"line":408,"column":14}},"268":{"start":{"line":397,"column":34},"end":{"line":397,"column":38}},"269":{"start":{"line":398,"column":36},"end":{"line":398,"column":57}},"270":{"start":{"line":400,"column":16},"end":{"line":407,"column":17}},"271":{"start":{"line":401,"column":31},"end":{"line":401,"column":81}},"272":{"start":{"line":402,"column":20},"end":{"line":402,"column":44}},"273":{"start":{"line":404,"column":20},"end":{"line":404,"column":61}},"274":{"start":{"line":406,"column":20},"end":{"line":406,"column":80}},"275":{"start":{"line":410,"column":12},"end":{"line":412,"column":14}},"276":{"start":{"line":411,"column":16},"end":{"line":411,"column":127}},"277":{"start":{"line":411,"column":29},"end":{"line":411,"column":77}},"278":{"start":{"line":414,"column":12},"end":{"line":416,"column":14}},"279":{"start":{"line":415,"column":16},"end":{"line":415,"column":128}},"280":{"start":{"line":415,"column":31},"end":{"line":415,"column":76}},"281":{"start":{"line":418,"column":12},"end":{"line":420,"column":14}},"282":{"start":{"line":419,"column":16},"end":{"line":419,"column":123}},"283":{"start":{"line":419,"column":31},"end":{"line":419,"column":72}},"284":{"start":{"line":422,"column":12},"end":{"line":424,"column":14}},"285":{"start":{"line":423,"column":16},"end":{"line":423,"column":123}},"286":{"start":{"line":423,"column":31},"end":{"line":423,"column":69}},"287":{"start":{"line":426,"column":12},"end":{"line":428,"column":14}},"288":{"start":{"line":427,"column":16},"end":{"line":427,"column":123}},"289":{"start":{"line":427,"column":31},"end":{"line":427,"column":72}},"290":{"start":{"line":430,"column":12},"end":{"line":432,"column":14}},"291":{"start":{"line":431,"column":16},"end":{"line":431,"column":123}},"292":{"start":{"line":431,"column":31},"end":{"line":431,"column":69}},"293":{"start":{"line":434,"column":12},"end":{"line":436,"column":14}},"294":{"start":{"line":435,"column":16},"end":{"line":435,"column":130}},"295":{"start":{"line":435,"column":31},"end":{"line":435,"column":72}},"296":{"start":{"line":438,"column":12},"end":{"line":440,"column":14}},"297":{"start":{"line":439,"column":16},"end":{"line":439,"column":127}},"298":{"start":{"line":439,"column":31},"end":{"line":439,"column":69}},"299":{"start":{"line":442,"column":12},"end":{"line":444,"column":14}},"300":{"start":{"line":443,"column":16},"end":{"line":443,"column":123}},"301":{"start":{"line":443,"column":31},"end":{"line":443,"column":75}},"302":{"start":{"line":446,"column":12},"end":{"line":448,"column":14}},"303":{"start":{"line":447,"column":16},"end":{"line":447,"column":120}},"304":{"start":{"line":447,"column":31},"end":{"line":447,"column":72}},"305":{"start":{"line":450,"column":12},"end":{"line":452,"column":14}},"306":{"start":{"line":451,"column":16},"end":{"line":451,"column":115}},"307":{"start":{"line":451,"column":31},"end":{"line":451,"column":72}},"308":{"start":{"line":454,"column":12},"end":{"line":456,"column":14}},"309":{"start":{"line":455,"column":16},"end":{"line":455,"column":112}},"310":{"start":{"line":455,"column":31},"end":{"line":455,"column":69}},"311":{"start":{"line":458,"column":12},"end":{"line":462,"column":14}},"312":{"start":{"line":459,"column":30},"end":{"line":459,"column":43}},"313":{"start":{"line":461,"column":16},"end":{"line":461,"column":122}},"314":{"start":{"line":461,"column":29},"end":{"line":461,"column":73}},"315":{"start":{"line":464,"column":12},"end":{"line":468,"column":14}},"316":{"start":{"line":465,"column":33},"end":{"line":465,"column":46}},"317":{"start":{"line":467,"column":16},"end":{"line":467,"column":125}},"318":{"start":{"line":467,"column":29},"end":{"line":467,"column":73}},"319":{"start":{"line":471,"column":8},"end":{"line":543,"column":10}},"320":{"start":{"line":473,"column":12},"end":{"line":483,"column":14}},"321":{"start":{"line":474,"column":29},"end":{"line":474,"column":35}},"322":{"start":{"line":475,"column":32},"end":{"line":475,"column":37}},"323":{"start":{"line":476,"column":30},"end":{"line":476,"column":63}},"324":{"start":{"line":477,"column":33},"end":{"line":477,"column":54}},"325":{"start":{"line":478,"column":33},"end":{"line":478,"column":45}},"326":{"start":{"line":479,"column":31},"end":{"line":479,"column":37}},"327":{"start":{"line":480,"column":30},"end":{"line":480,"column":56}},"328":{"start":{"line":482,"column":16},"end":{"line":482,"column":105}},"329":{"start":{"line":485,"column":12},"end":{"line":497,"column":14}},"330":{"start":{"line":486,"column":30},"end":{"line":486,"column":63}},"331":{"start":{"line":488,"column":16},"end":{"line":488,"column":56}},"332":{"start":{"line":490,"column":16},"end":{"line":490,"column":50}},"333":{"start":{"line":491,"column":16},"end":{"line":491,"column":54}},"334":{"start":{"line":492,"column":16},"end":{"line":492,"column":60}},"335":{"start":{"line":493,"column":16},"end":{"line":493,"column":56}},"336":{"start":{"line":494,"column":16},"end":{"line":494,"column":62}},"337":{"start":{"line":495,"column":16},"end":{"line":495,"column":54}},"338":{"start":{"line":496,"column":16},"end":{"line":496,"column":144}},"339":{"start":{"line":499,"column":12},"end":{"line":513,"column":14}},"340":{"start":{"line":500,"column":27},"end":{"line":500,"column":34}},"341":{"start":{"line":502,"column":16},"end":{"line":502,"column":39}},"342":{"start":{"line":504,"column":16},"end":{"line":512,"column":17}},"343":{"start":{"line":505,"column":35},"end":{"line":505,"column":63}},"344":{"start":{"line":507,"column":20},"end":{"line":507,"column":44}},"345":{"start":{"line":509,"column":20},"end":{"line":509,"column":65}},"346":{"start":{"line":511,"column":20},"end":{"line":511,"column":68}},"347":{"start":{"line":515,"column":12},"end":{"line":517,"column":14}},"348":{"start":{"line":516,"column":16},"end":{"line":516,"column":108}},"349":{"start":{"line":516,"column":29},"end":{"line":516,"column":58}},"350":{"start":{"line":519,"column":12},"end":{"line":521,"column":14}},"351":{"start":{"line":520,"column":16},"end":{"line":520,"column":97}},"352":{"start":{"line":520,"column":29},"end":{"line":520,"column":51}},"353":{"start":{"line":523,"column":12},"end":{"line":525,"column":14}},"354":{"start":{"line":524,"column":16},"end":{"line":524,"column":105}},"355":{"start":{"line":524,"column":29},"end":{"line":524,"column":59}},"356":{"start":{"line":527,"column":12},"end":{"line":529,"column":14}},"357":{"start":{"line":528,"column":16},"end":{"line":528,"column":107}},"358":{"start":{"line":528,"column":29},"end":{"line":528,"column":51}},"359":{"start":{"line":531,"column":12},"end":{"line":533,"column":14}},"360":{"start":{"line":532,"column":16},"end":{"line":532,"column":98}},"361":{"start":{"line":532,"column":29},"end":{"line":532,"column":53}},"362":{"start":{"line":535,"column":12},"end":{"line":537,"column":14}},"363":{"start":{"line":536,"column":16},"end":{"line":536,"column":92}},"364":{"start":{"line":536,"column":29},"end":{"line":536,"column":51}},"365":{"start":{"line":539,"column":12},"end":{"line":542,"column":14}},"366":{"start":{"line":540,"column":25},"end":{"line":540,"column":38}},"367":{"start":{"line":541,"column":16},"end":{"line":541,"column":97}},"368":{"start":{"line":541,"column":29},"end":{"line":541,"column":51}},"369":{"start":{"line":545,"column":8},"end":{"line":634,"column":10}},"370":{"start":{"line":547,"column":12},"end":{"line":561,"column":14}},"371":{"start":{"line":548,"column":29},"end":{"line":548,"column":35}},"372":{"start":{"line":549,"column":32},"end":{"line":549,"column":37}},"373":{"start":{"line":550,"column":30},"end":{"line":550,"column":63}},"374":{"start":{"line":551,"column":33},"end":{"line":551,"column":54}},"375":{"start":{"line":552,"column":33},"end":{"line":552,"column":45}},"376":{"start":{"line":553,"column":31},"end":{"line":553,"column":37}},"377":{"start":{"line":554,"column":30},"end":{"line":554,"column":56}},"378":{"start":{"line":556,"column":16},"end":{"line":556,"column":105}},"379":{"start":{"line":558,"column":30},"end":{"line":558,"column":74}},"380":{"start":{"line":560,"column":16},"end":{"line":560,"column":49}},"381":{"start":{"line":563,"column":12},"end":{"line":588,"column":14}},"382":{"start":{"line":564,"column":32},"end":{"line":564,"column":76}},"383":{"start":{"line":566,"column":16},"end":{"line":566,"column":49}},"384":{"start":{"line":568,"column":16},"end":{"line":568,"column":135}},"385":{"start":{"line":570,"column":29},"end":{"line":570,"column":46}},"386":{"start":{"line":572,"column":16},"end":{"line":572,"column":49}},"387":{"start":{"line":574,"column":30},"end":{"line":574,"column":36}},"388":{"start":{"line":576,"column":16},"end":{"line":576,"column":50}},"389":{"start":{"line":577,"column":16},"end":{"line":577,"column":54}},"390":{"start":{"line":578,"column":16},"end":{"line":578,"column":60}},"391":{"start":{"line":579,"column":16},"end":{"line":579,"column":56}},"392":{"start":{"line":580,"column":16},"end":{"line":580,"column":62}},"393":{"start":{"line":581,"column":16},"end":{"line":581,"column":62}},"394":{"start":{"line":582,"column":16},"end":{"line":582,"column":58}},"395":{"start":{"line":583,"column":16},"end":{"line":583,"column":56}},"396":{"start":{"line":584,"column":16},"end":{"line":584,"column":62}},"397":{"start":{"line":585,"column":16},"end":{"line":585,"column":148}},"398":{"start":{"line":587,"column":16},"end":{"line":587,"column":84}},"399":{"start":{"line":590,"column":12},"end":{"line":604,"column":14}},"400":{"start":{"line":591,"column":27},"end":{"line":591,"column":34}},"401":{"start":{"line":593,"column":16},"end":{"line":593,"column":39}},"402":{"start":{"line":595,"column":16},"end":{"line":603,"column":17}},"403":{"start":{"line":596,"column":36},"end":{"line":596,"column":75}},"404":{"start":{"line":598,"column":20},"end":{"line":598,"column":44}},"405":{"start":{"line":600,"column":20},"end":{"line":600,"column":65}},"406":{"start":{"line":602,"column":20},"end":{"line":602,"column":73}},"407":{"start":{"line":606,"column":12},"end":{"line":608,"column":14}},"408":{"start":{"line":607,"column":16},"end":{"line":607,"column":119}},"409":{"start":{"line":607,"column":29},"end":{"line":607,"column":69}},"410":{"start":{"line":610,"column":12},"end":{"line":612,"column":14}},"411":{"start":{"line":611,"column":16},"end":{"line":611,"column":108}},"412":{"start":{"line":611,"column":29},"end":{"line":611,"column":62}},"413":{"start":{"line":614,"column":12},"end":{"line":616,"column":14}},"414":{"start":{"line":615,"column":16},"end":{"line":615,"column":116}},"415":{"start":{"line":615,"column":29},"end":{"line":615,"column":70}},"416":{"start":{"line":618,"column":12},"end":{"line":620,"column":14}},"417":{"start":{"line":619,"column":16},"end":{"line":619,"column":118}},"418":{"start":{"line":619,"column":29},"end":{"line":619,"column":62}},"419":{"start":{"line":622,"column":12},"end":{"line":624,"column":14}},"420":{"start":{"line":623,"column":16},"end":{"line":623,"column":109}},"421":{"start":{"line":623,"column":29},"end":{"line":623,"column":64}},"422":{"start":{"line":626,"column":12},"end":{"line":628,"column":14}},"423":{"start":{"line":627,"column":16},"end":{"line":627,"column":103}},"424":{"start":{"line":627,"column":29},"end":{"line":627,"column":62}},"425":{"start":{"line":630,"column":12},"end":{"line":633,"column":14}},"426":{"start":{"line":631,"column":25},"end":{"line":631,"column":38}},"427":{"start":{"line":632,"column":16},"end":{"line":632,"column":108}},"428":{"start":{"line":632,"column":29},"end":{"line":632,"column":62}},"429":{"start":{"line":636,"column":8},"end":{"line":777,"column":10}},"430":{"start":{"line":638,"column":12},"end":{"line":670,"column":14}},"431":{"start":{"line":639,"column":27},"end":{"line":639,"column":33}},"432":{"start":{"line":640,"column":30},"end":{"line":640,"column":35}},"433":{"start":{"line":641,"column":28},"end":{"line":641,"column":61}},"434":{"start":{"line":642,"column":31},"end":{"line":642,"column":52}},"435":{"start":{"line":643,"column":31},"end":{"line":643,"column":43}},"436":{"start":{"line":644,"column":29},"end":{"line":644,"column":35}},"437":{"start":{"line":645,"column":28},"end":{"line":645,"column":54}},"438":{"start":{"line":647,"column":16},"end":{"line":647,"column":92}},"439":{"start":{"line":649,"column":32},"end":{"line":649,"column":46}},"440":{"start":{"line":650,"column":31},"end":{"line":650,"column":40}},"441":{"start":{"line":651,"column":32},"end":{"line":651,"column":40}},"442":{"start":{"line":652,"column":29},"end":{"line":652,"column":36}},"443":{"start":{"line":653,"column":30},"end":{"line":653,"column":42}},"444":{"start":{"line":654,"column":32},"end":{"line":654,"column":36}},"445":{"start":{"line":655,"column":28},"end":{"line":655,"column":33}},"446":{"start":{"line":656,"column":29},"end":{"line":656,"column":33}},"447":{"start":{"line":657,"column":29},"end":{"line":657,"column":34}},"448":{"start":{"line":658,"column":32},"end":{"line":658,"column":36}},"449":{"start":{"line":659,"column":33},"end":{"line":659,"column":38}},"450":{"start":{"line":661,"column":33},"end":{"line":664,"column":17}},"451":{"start":{"line":666,"column":16},"end":{"line":666,"column":138}},"452":{"start":{"line":668,"column":16},"end":{"line":668,"column":33}},"453":{"start":{"line":669,"column":16},"end":{"line":669,"column":34}},"454":{"start":{"line":672,"column":12},"end":{"line":681,"column":14}},"455":{"start":{"line":673,"column":28},"end":{"line":673,"column":75}},"456":{"start":{"line":675,"column":16},"end":{"line":675,"column":43}},"457":{"start":{"line":677,"column":30},"end":{"line":677,"column":58}},"458":{"start":{"line":679,"column":16},"end":{"line":679,"column":59}},"459":{"start":{"line":680,"column":16},"end":{"line":680,"column":77}},"460":{"start":{"line":683,"column":12},"end":{"line":698,"column":14}},"461":{"start":{"line":684,"column":27},"end":{"line":684,"column":34}},"462":{"start":{"line":686,"column":16},"end":{"line":686,"column":39}},"463":{"start":{"line":688,"column":16},"end":{"line":697,"column":17}},"464":{"start":{"line":689,"column":32},"end":{"line":689,"column":74}},"465":{"start":{"line":691,"column":20},"end":{"line":691,"column":44}},"466":{"start":{"line":694,"column":20},"end":{"line":694,"column":65}},"467":{"start":{"line":696,"column":20},"end":{"line":696,"column":73}},"468":{"start":{"line":700,"column":12},"end":{"line":715,"column":14}},"469":{"start":{"line":701,"column":27},"end":{"line":701,"column":35}},"470":{"start":{"line":703,"column":16},"end":{"line":703,"column":40}},"471":{"start":{"line":705,"column":16},"end":{"line":714,"column":17}},"472":{"start":{"line":706,"column":32},"end":{"line":706,"column":73}},"473":{"start":{"line":708,"column":20},"end":{"line":708,"column":44}},"474":{"start":{"line":711,"column":20},"end":{"line":711,"column":65}},"475":{"start":{"line":713,"column":20},"end":{"line":713,"column":74}},"476":{"start":{"line":717,"column":12},"end":{"line":719,"column":14}},"477":{"start":{"line":718,"column":16},"end":{"line":718,"column":122}},"478":{"start":{"line":718,"column":29},"end":{"line":718,"column":72}},"479":{"start":{"line":721,"column":12},"end":{"line":723,"column":14}},"480":{"start":{"line":722,"column":16},"end":{"line":722,"column":121}},"481":{"start":{"line":722,"column":29},"end":{"line":722,"column":71}},"482":{"start":{"line":725,"column":12},"end":{"line":727,"column":14}},"483":{"start":{"line":726,"column":16},"end":{"line":726,"column":115}},"484":{"start":{"line":726,"column":29},"end":{"line":726,"column":65}},"485":{"start":{"line":729,"column":12},"end":{"line":731,"column":14}},"486":{"start":{"line":730,"column":16},"end":{"line":730,"column":115}},"487":{"start":{"line":730,"column":29},"end":{"line":730,"column":64}},"488":{"start":{"line":733,"column":12},"end":{"line":735,"column":14}},"489":{"start":{"line":734,"column":16},"end":{"line":734,"column":118}},"490":{"start":{"line":734,"column":29},"end":{"line":734,"column":68}},"491":{"start":{"line":737,"column":12},"end":{"line":739,"column":14}},"492":{"start":{"line":738,"column":16},"end":{"line":738,"column":118}},"493":{"start":{"line":738,"column":29},"end":{"line":738,"column":67}},"494":{"start":{"line":741,"column":12},"end":{"line":743,"column":14}},"495":{"start":{"line":742,"column":16},"end":{"line":742,"column":121}},"496":{"start":{"line":742,"column":29},"end":{"line":742,"column":65}},"497":{"start":{"line":745,"column":12},"end":{"line":747,"column":14}},"498":{"start":{"line":746,"column":16},"end":{"line":746,"column":120}},"499":{"start":{"line":746,"column":29},"end":{"line":746,"column":64}},"500":{"start":{"line":749,"column":12},"end":{"line":751,"column":14}},"501":{"start":{"line":750,"column":16},"end":{"line":750,"column":112}},"502":{"start":{"line":750,"column":29},"end":{"line":750,"column":67}},"503":{"start":{"line":753,"column":12},"end":{"line":755,"column":14}},"504":{"start":{"line":754,"column":16},"end":{"line":754,"column":113}},"505":{"start":{"line":754,"column":29},"end":{"line":754,"column":67}},"506":{"start":{"line":757,"column":12},"end":{"line":759,"column":14}},"507":{"start":{"line":758,"column":16},"end":{"line":758,"column":106}},"508":{"start":{"line":758,"column":29},"end":{"line":758,"column":65}},"509":{"start":{"line":761,"column":12},"end":{"line":763,"column":14}},"510":{"start":{"line":762,"column":16},"end":{"line":762,"column":105}},"511":{"start":{"line":762,"column":29},"end":{"line":762,"column":64}},"512":{"start":{"line":765,"column":12},"end":{"line":769,"column":14}},"513":{"start":{"line":766,"column":25},"end":{"line":766,"column":38}},"514":{"start":{"line":768,"column":16},"end":{"line":768,"column":111}},"515":{"start":{"line":768,"column":29},"end":{"line":768,"column":65}},"516":{"start":{"line":771,"column":12},"end":{"line":775,"column":14}},"517":{"start":{"line":772,"column":25},"end":{"line":772,"column":38}},"518":{"start":{"line":774,"column":16},"end":{"line":774,"column":110}},"519":{"start":{"line":774,"column":29},"end":{"line":774,"column":64}},"520":{"start":{"line":779,"column":8},"end":{"line":881,"column":10}},"521":{"start":{"line":782,"column":12},"end":{"line":818,"column":14}},"522":{"start":{"line":783,"column":27},"end":{"line":783,"column":33}},"523":{"start":{"line":784,"column":30},"end":{"line":784,"column":35}},"524":{"start":{"line":785,"column":28},"end":{"line":785,"column":61}},"525":{"start":{"line":786,"column":31},"end":{"line":786,"column":52}},"526":{"start":{"line":787,"column":31},"end":{"line":787,"column":43}},"527":{"start":{"line":788,"column":29},"end":{"line":788,"column":35}},"528":{"start":{"line":789,"column":28},"end":{"line":789,"column":54}},"529":{"start":{"line":791,"column":16},"end":{"line":791,"column":92}},"530":{"start":{"line":793,"column":16},"end":{"line":793,"column":65}},"531":{"start":{"line":795,"column":31},"end":{"line":795,"column":38}},"532":{"start":{"line":797,"column":32},"end":{"line":797,"column":46}},"533":{"start":{"line":798,"column":31},"end":{"line":798,"column":40}},"534":{"start":{"line":799,"column":32},"end":{"line":799,"column":40}},"535":{"start":{"line":800,"column":29},"end":{"line":800,"column":36}},"536":{"start":{"line":801,"column":30},"end":{"line":801,"column":42}},"537":{"start":{"line":802,"column":32},"end":{"line":802,"column":36}},"538":{"start":{"line":803,"column":28},"end":{"line":803,"column":33}},"539":{"start":{"line":804,"column":29},"end":{"line":804,"column":33}},"540":{"start":{"line":805,"column":29},"end":{"line":805,"column":34}},"541":{"start":{"line":806,"column":32},"end":{"line":806,"column":36}},"542":{"start":{"line":807,"column":33},"end":{"line":807,"column":38}},"543":{"start":{"line":809,"column":33},"end":{"line":812,"column":17}},"544":{"start":{"line":814,"column":16},"end":{"line":814,"column":146}},"545":{"start":{"line":816,"column":16},"end":{"line":816,"column":33}},"546":{"start":{"line":817,"column":16},"end":{"line":817,"column":34}},"547":{"start":{"line":820,"column":12},"end":{"line":837,"column":14}},"548":{"start":{"line":822,"column":16},"end":{"line":822,"column":46}},"549":{"start":{"line":824,"column":16},"end":{"line":824,"column":33}},"550":{"start":{"line":826,"column":35},"end":{"line":826,"column":70}},"551":{"start":{"line":828,"column":16},"end":{"line":828,"column":53}},"552":{"start":{"line":830,"column":36},"end":{"line":830,"column":46}},"553":{"start":{"line":832,"column":16},"end":{"line":832,"column":72}},"554":{"start":{"line":833,"column":16},"end":{"line":833,"column":59}},"555":{"start":{"line":834,"column":16},"end":{"line":834,"column":63}},"556":{"start":{"line":835,"column":16},"end":{"line":835,"column":65}},"557":{"start":{"line":836,"column":16},"end":{"line":836,"column":59}},"558":{"start":{"line":839,"column":12},"end":{"line":850,"column":14}},"559":{"start":{"line":840,"column":16},"end":{"line":840,"column":39}},"560":{"start":{"line":842,"column":16},"end":{"line":849,"column":17}},"561":{"start":{"line":843,"column":39},"end":{"line":843,"column":74}},"562":{"start":{"line":844,"column":20},"end":{"line":844,"column":44}},"563":{"start":{"line":846,"column":20},"end":{"line":846,"column":65}},"564":{"start":{"line":848,"column":20},"end":{"line":848,"column":73}},"565":{"start":{"line":852,"column":12},"end":{"line":854,"column":14}},"566":{"start":{"line":853,"column":16},"end":{"line":853,"column":110}},"567":{"start":{"line":853,"column":29},"end":{"line":853,"column":60}},"568":{"start":{"line":856,"column":12},"end":{"line":858,"column":14}},"569":{"start":{"line":857,"column":16},"end":{"line":857,"column":103}},"570":{"start":{"line":857,"column":29},"end":{"line":857,"column":53}},"571":{"start":{"line":860,"column":12},"end":{"line":862,"column":14}},"572":{"start":{"line":861,"column":16},"end":{"line":861,"column":111}},"573":{"start":{"line":861,"column":29},"end":{"line":861,"column":61}},"574":{"start":{"line":864,"column":12},"end":{"line":866,"column":14}},"575":{"start":{"line":865,"column":16},"end":{"line":865,"column":109}},"576":{"start":{"line":865,"column":29},"end":{"line":865,"column":53}},"577":{"start":{"line":868,"column":12},"end":{"line":870,"column":14}},"578":{"start":{"line":869,"column":16},"end":{"line":869,"column":100}},"579":{"start":{"line":869,"column":29},"end":{"line":869,"column":55}},"580":{"start":{"line":872,"column":12},"end":{"line":874,"column":14}},"581":{"start":{"line":873,"column":16},"end":{"line":873,"column":94}},"582":{"start":{"line":873,"column":29},"end":{"line":873,"column":53}},"583":{"start":{"line":876,"column":12},"end":{"line":880,"column":14}},"584":{"start":{"line":877,"column":25},"end":{"line":877,"column":38}},"585":{"start":{"line":879,"column":16},"end":{"line":879,"column":99}},"586":{"start":{"line":879,"column":29},"end":{"line":879,"column":53}},"587":{"start":{"line":883,"column":8},"end":{"line":1024,"column":10}},"588":{"start":{"line":886,"column":12},"end":{"line":918,"column":14}},"589":{"start":{"line":887,"column":27},"end":{"line":887,"column":33}},"590":{"start":{"line":888,"column":30},"end":{"line":888,"column":35}},"591":{"start":{"line":889,"column":28},"end":{"line":889,"column":61}},"592":{"start":{"line":890,"column":31},"end":{"line":890,"column":52}},"593":{"start":{"line":891,"column":31},"end":{"line":891,"column":43}},"594":{"start":{"line":892,"column":29},"end":{"line":892,"column":35}},"595":{"start":{"line":893,"column":28},"end":{"line":893,"column":54}},"596":{"start":{"line":895,"column":16},"end":{"line":895,"column":92}},"597":{"start":{"line":897,"column":32},"end":{"line":897,"column":46}},"598":{"start":{"line":898,"column":31},"end":{"line":898,"column":40}},"599":{"start":{"line":899,"column":32},"end":{"line":899,"column":40}},"600":{"start":{"line":900,"column":29},"end":{"line":900,"column":36}},"601":{"start":{"line":901,"column":30},"end":{"line":901,"column":42}},"602":{"start":{"line":902,"column":32},"end":{"line":902,"column":36}},"603":{"start":{"line":903,"column":28},"end":{"line":903,"column":33}},"604":{"start":{"line":904,"column":29},"end":{"line":904,"column":33}},"605":{"start":{"line":905,"column":29},"end":{"line":905,"column":34}},"606":{"start":{"line":906,"column":32},"end":{"line":906,"column":36}},"607":{"start":{"line":907,"column":33},"end":{"line":907,"column":38}},"608":{"start":{"line":909,"column":33},"end":{"line":912,"column":17}},"609":{"start":{"line":914,"column":16},"end":{"line":914,"column":138}},"610":{"start":{"line":916,"column":16},"end":{"line":916,"column":33}},"611":{"start":{"line":917,"column":16},"end":{"line":917,"column":34}},"612":{"start":{"line":920,"column":12},"end":{"line":929,"column":14}},"613":{"start":{"line":921,"column":28},"end":{"line":921,"column":73}},"614":{"start":{"line":923,"column":16},"end":{"line":923,"column":43}},"615":{"start":{"line":925,"column":30},"end":{"line":925,"column":58}},"616":{"start":{"line":927,"column":16},"end":{"line":927,"column":57}},"617":{"start":{"line":928,"column":16},"end":{"line":928,"column":75}},"618":{"start":{"line":931,"column":12},"end":{"line":946,"column":14}},"619":{"start":{"line":932,"column":27},"end":{"line":932,"column":34}},"620":{"start":{"line":934,"column":16},"end":{"line":934,"column":39}},"621":{"start":{"line":936,"column":16},"end":{"line":945,"column":17}},"622":{"start":{"line":937,"column":32},"end":{"line":937,"column":72}},"623":{"start":{"line":939,"column":20},"end":{"line":939,"column":44}},"624":{"start":{"line":942,"column":20},"end":{"line":942,"column":65}},"625":{"start":{"line":944,"column":20},"end":{"line":944,"column":73}},"626":{"start":{"line":948,"column":12},"end":{"line":963,"column":14}},"627":{"start":{"line":949,"column":27},"end":{"line":949,"column":35}},"628":{"start":{"line":951,"column":16},"end":{"line":951,"column":40}},"629":{"start":{"line":953,"column":16},"end":{"line":962,"column":17}},"630":{"start":{"line":954,"column":32},"end":{"line":954,"column":71}},"631":{"start":{"line":956,"column":20},"end":{"line":956,"column":44}},"632":{"start":{"line":959,"column":20},"end":{"line":959,"column":65}},"633":{"start":{"line":961,"column":20},"end":{"line":961,"column":74}},"634":{"start":{"line":965,"column":12},"end":{"line":967,"column":14}},"635":{"start":{"line":966,"column":16},"end":{"line":966,"column":120}},"636":{"start":{"line":966,"column":29},"end":{"line":966,"column":70}},"637":{"start":{"line":969,"column":12},"end":{"line":971,"column":14}},"638":{"start":{"line":970,"column":16},"end":{"line":970,"column":119}},"639":{"start":{"line":970,"column":29},"end":{"line":970,"column":69}},"640":{"start":{"line":973,"column":12},"end":{"line":975,"column":14}},"641":{"start":{"line":974,"column":16},"end":{"line":974,"column":113}},"642":{"start":{"line":974,"column":29},"end":{"line":974,"column":63}},"643":{"start":{"line":977,"column":12},"end":{"line":979,"column":14}},"644":{"start":{"line":978,"column":16},"end":{"line":978,"column":113}},"645":{"start":{"line":978,"column":29},"end":{"line":978,"column":62}},"646":{"start":{"line":981,"column":12},"end":{"line":983,"column":14}},"647":{"start":{"line":982,"column":16},"end":{"line":982,"column":116}},"648":{"start":{"line":982,"column":29},"end":{"line":982,"column":66}},"649":{"start":{"line":985,"column":12},"end":{"line":987,"column":14}},"650":{"start":{"line":986,"column":16},"end":{"line":986,"column":116}},"651":{"start":{"line":986,"column":29},"end":{"line":986,"column":65}},"652":{"start":{"line":989,"column":12},"end":{"line":991,"column":14}},"653":{"start":{"line":990,"column":16},"end":{"line":990,"column":119}},"654":{"start":{"line":990,"column":29},"end":{"line":990,"column":63}},"655":{"start":{"line":993,"column":12},"end":{"line":995,"column":14}},"656":{"start":{"line":994,"column":16},"end":{"line":994,"column":118}},"657":{"start":{"line":994,"column":29},"end":{"line":994,"column":62}},"658":{"start":{"line":997,"column":12},"end":{"line":999,"column":14}},"659":{"start":{"line":998,"column":16},"end":{"line":998,"column":110}},"660":{"start":{"line":998,"column":29},"end":{"line":998,"column":65}},"661":{"start":{"line":1001,"column":12},"end":{"line":1003,"column":14}},"662":{"start":{"line":1002,"column":16},"end":{"line":1002,"column":111}},"663":{"start":{"line":1002,"column":29},"end":{"line":1002,"column":65}},"664":{"start":{"line":1005,"column":12},"end":{"line":1007,"column":14}},"665":{"start":{"line":1006,"column":16},"end":{"line":1006,"column":104}},"666":{"start":{"line":1006,"column":29},"end":{"line":1006,"column":63}},"667":{"start":{"line":1009,"column":12},"end":{"line":1011,"column":14}},"668":{"start":{"line":1010,"column":16},"end":{"line":1010,"column":103}},"669":{"start":{"line":1010,"column":29},"end":{"line":1010,"column":62}},"670":{"start":{"line":1013,"column":12},"end":{"line":1017,"column":14}},"671":{"start":{"line":1014,"column":25},"end":{"line":1014,"column":38}},"672":{"start":{"line":1016,"column":16},"end":{"line":1016,"column":109}},"673":{"start":{"line":1016,"column":29},"end":{"line":1016,"column":63}},"674":{"start":{"line":1019,"column":12},"end":{"line":1023,"column":14}},"675":{"start":{"line":1020,"column":25},"end":{"line":1020,"column":38}},"676":{"start":{"line":1022,"column":16},"end":{"line":1022,"column":108}},"677":{"start":{"line":1022,"column":29},"end":{"line":1022,"column":62}},"678":{"start":{"line":1026,"column":8},"end":{"line":1126,"column":10}},"679":{"start":{"line":1029,"column":12},"end":{"line":1065,"column":14}},"680":{"start":{"line":1030,"column":27},"end":{"line":1030,"column":33}},"681":{"start":{"line":1031,"column":30},"end":{"line":1031,"column":35}},"682":{"start":{"line":1032,"column":28},"end":{"line":1032,"column":61}},"683":{"start":{"line":1033,"column":31},"end":{"line":1033,"column":52}},"684":{"start":{"line":1034,"column":31},"end":{"line":1034,"column":43}},"685":{"start":{"line":1035,"column":29},"end":{"line":1035,"column":35}},"686":{"start":{"line":1036,"column":28},"end":{"line":1036,"column":54}},"687":{"start":{"line":1038,"column":16},"end":{"line":1038,"column":92}},"688":{"start":{"line":1040,"column":16},"end":{"line":1040,"column":65}},"689":{"start":{"line":1042,"column":31},"end":{"line":1042,"column":38}},"690":{"start":{"line":1044,"column":32},"end":{"line":1044,"column":46}},"691":{"start":{"line":1045,"column":31},"end":{"line":1045,"column":40}},"692":{"start":{"line":1046,"column":32},"end":{"line":1046,"column":40}},"693":{"start":{"line":1047,"column":29},"end":{"line":1047,"column":36}},"694":{"start":{"line":1048,"column":30},"end":{"line":1048,"column":42}},"695":{"start":{"line":1049,"column":32},"end":{"line":1049,"column":36}},"696":{"start":{"line":1050,"column":28},"end":{"line":1050,"column":33}},"697":{"start":{"line":1051,"column":29},"end":{"line":1051,"column":33}},"698":{"start":{"line":1052,"column":29},"end":{"line":1052,"column":34}},"699":{"start":{"line":1053,"column":32},"end":{"line":1053,"column":36}},"700":{"start":{"line":1054,"column":33},"end":{"line":1054,"column":38}},"701":{"start":{"line":1056,"column":33},"end":{"line":1059,"column":17}},"702":{"start":{"line":1061,"column":16},"end":{"line":1061,"column":146}},"703":{"start":{"line":1063,"column":16},"end":{"line":1063,"column":33}},"704":{"start":{"line":1064,"column":16},"end":{"line":1064,"column":34}},"705":{"start":{"line":1067,"column":12},"end":{"line":1083,"column":14}},"706":{"start":{"line":1068,"column":16},"end":{"line":1068,"column":44}},"707":{"start":{"line":1070,"column":16},"end":{"line":1070,"column":33}},"708":{"start":{"line":1072,"column":33},"end":{"line":1072,"column":66}},"709":{"start":{"line":1074,"column":16},"end":{"line":1074,"column":51}},"710":{"start":{"line":1076,"column":34},"end":{"line":1076,"column":42}},"711":{"start":{"line":1078,"column":16},"end":{"line":1078,"column":70}},"712":{"start":{"line":1079,"column":16},"end":{"line":1079,"column":57}},"713":{"start":{"line":1080,"column":16},"end":{"line":1080,"column":61}},"714":{"start":{"line":1081,"column":16},"end":{"line":1081,"column":63}},"715":{"start":{"line":1082,"column":16},"end":{"line":1082,"column":57}},"716":{"start":{"line":1085,"column":12},"end":{"line":1096,"column":14}},"717":{"start":{"line":1086,"column":16},"end":{"line":1086,"column":39}},"718":{"start":{"line":1088,"column":16},"end":{"line":1095,"column":17}},"719":{"start":{"line":1089,"column":39},"end":{"line":1089,"column":72}},"720":{"start":{"line":1090,"column":20},"end":{"line":1090,"column":44}},"721":{"start":{"line":1092,"column":20},"end":{"line":1092,"column":65}},"722":{"start":{"line":1094,"column":20},"end":{"line":1094,"column":73}},"723":{"start":{"line":1098,"column":12},"end":{"line":1100,"column":14}},"724":{"start":{"line":1099,"column":16},"end":{"line":1099,"column":108}},"725":{"start":{"line":1099,"column":29},"end":{"line":1099,"column":58}},"726":{"start":{"line":1102,"column":12},"end":{"line":1104,"column":14}},"727":{"start":{"line":1103,"column":16},"end":{"line":1103,"column":101}},"728":{"start":{"line":1103,"column":29},"end":{"line":1103,"column":51}},"729":{"start":{"line":1106,"column":12},"end":{"line":1108,"column":14}},"730":{"start":{"line":1107,"column":16},"end":{"line":1107,"column":109}},"731":{"start":{"line":1107,"column":29},"end":{"line":1107,"column":59}},"732":{"start":{"line":1110,"column":12},"end":{"line":1112,"column":14}},"733":{"start":{"line":1111,"column":16},"end":{"line":1111,"column":107}},"734":{"start":{"line":1111,"column":29},"end":{"line":1111,"column":51}},"735":{"start":{"line":1114,"column":12},"end":{"line":1116,"column":14}},"736":{"start":{"line":1115,"column":16},"end":{"line":1115,"column":98}},"737":{"start":{"line":1115,"column":29},"end":{"line":1115,"column":53}},"738":{"start":{"line":1118,"column":12},"end":{"line":1120,"column":14}},"739":{"start":{"line":1119,"column":16},"end":{"line":1119,"column":92}},"740":{"start":{"line":1119,"column":29},"end":{"line":1119,"column":51}},"741":{"start":{"line":1122,"column":12},"end":{"line":1125,"column":14}},"742":{"start":{"line":1123,"column":25},"end":{"line":1123,"column":38}},"743":{"start":{"line":1124,"column":16},"end":{"line":1124,"column":97}},"744":{"start":{"line":1124,"column":29},"end":{"line":1124,"column":51}},"745":{"start":{"line":1129,"column":4},"end":{"line":2071,"column":6}},"746":{"start":{"line":1132,"column":8},"end":{"line":1161,"column":10}},"747":{"start":{"line":1133,"column":23},"end":{"line":1133,"column":29}},"748":{"start":{"line":1134,"column":26},"end":{"line":1134,"column":31}},"749":{"start":{"line":1135,"column":24},"end":{"line":1135,"column":57}},"750":{"start":{"line":1136,"column":27},"end":{"line":1136,"column":48}},"751":{"start":{"line":1137,"column":27},"end":{"line":1137,"column":39}},"752":{"start":{"line":1138,"column":25},"end":{"line":1138,"column":31}},"753":{"start":{"line":1139,"column":24},"end":{"line":1139,"column":50}},"754":{"start":{"line":1141,"column":12},"end":{"line":1141,"column":101}},"755":{"start":{"line":1143,"column":12},"end":{"line":1143,"column":38}},"756":{"start":{"line":1144,"column":12},"end":{"line":1144,"column":32}},"757":{"start":{"line":1145,"column":12},"end":{"line":1145,"column":32}},"758":{"start":{"line":1146,"column":12},"end":{"line":1146,"column":48}},"759":{"start":{"line":1147,"column":12},"end":{"line":1147,"column":28}},"760":{"start":{"line":1148,"column":12},"end":{"line":1148,"column":28}},"761":{"start":{"line":1149,"column":12},"end":{"line":1149,"column":25}},"762":{"start":{"line":1150,"column":12},"end":{"line":1150,"column":25}},"763":{"start":{"line":1151,"column":12},"end":{"line":1151,"column":26}},"764":{"start":{"line":1152,"column":12},"end":{"line":1152,"column":28}},"765":{"start":{"line":1153,"column":12},"end":{"line":1153,"column":30}},"766":{"start":{"line":1155,"column":12},"end":{"line":1158,"column":13}},"767":{"start":{"line":1160,"column":12},"end":{"line":1160,"column":34}},"768":{"start":{"line":1163,"column":8},"end":{"line":1426,"column":10}},"769":{"start":{"line":1164,"column":12},"end":{"line":1187,"column":14}},"770":{"start":{"line":1165,"column":28},"end":{"line":1165,"column":154}},"771":{"start":{"line":1167,"column":16},"end":{"line":1167,"column":43}},"772":{"start":{"line":1169,"column":31},"end":{"line":1169,"column":49}},"773":{"start":{"line":1171,"column":16},"end":{"line":1171,"column":52}},"774":{"start":{"line":1174,"column":32},"end":{"line":1174,"column":38}},"775":{"start":{"line":1176,"column":16},"end":{"line":1176,"column":50}},"776":{"start":{"line":1177,"column":16},"end":{"line":1177,"column":54}},"777":{"start":{"line":1178,"column":16},"end":{"line":1178,"column":72}},"778":{"start":{"line":1179,"column":16},"end":{"line":1179,"column":73}},"779":{"start":{"line":1180,"column":16},"end":{"line":1180,"column":65}},"780":{"start":{"line":1181,"column":16},"end":{"line":1181,"column":59}},"781":{"start":{"line":1182,"column":16},"end":{"line":1182,"column":51}},"782":{"start":{"line":1183,"column":16},"end":{"line":1183,"column":53}},"783":{"start":{"line":1184,"column":16},"end":{"line":1184,"column":53}},"784":{"start":{"line":1185,"column":16},"end":{"line":1185,"column":59}},"785":{"start":{"line":1186,"column":16},"end":{"line":1186,"column":61}},"786":{"start":{"line":1189,"column":12},"end":{"line":1201,"column":14}},"787":{"start":{"line":1190,"column":16},"end":{"line":1190,"column":39}},"788":{"start":{"line":1192,"column":16},"end":{"line":1200,"column":17}},"789":{"start":{"line":1193,"column":32},"end":{"line":1193,"column":158}},"790":{"start":{"line":1195,"column":20},"end":{"line":1195,"column":44}},"791":{"start":{"line":1197,"column":20},"end":{"line":1197,"column":65}},"792":{"start":{"line":1199,"column":20},"end":{"line":1199,"column":73}},"793":{"start":{"line":1203,"column":12},"end":{"line":1205,"column":14}},"794":{"start":{"line":1204,"column":16},"end":{"line":1204,"column":199}},"795":{"start":{"line":1204,"column":29},"end":{"line":1204,"column":149}},"796":{"start":{"line":1207,"column":12},"end":{"line":1209,"column":14}},"797":{"start":{"line":1208,"column":16},"end":{"line":1208,"column":200}},"798":{"start":{"line":1208,"column":29},"end":{"line":1208,"column":150}},"799":{"start":{"line":1211,"column":12},"end":{"line":1213,"column":14}},"800":{"start":{"line":1212,"column":16},"end":{"line":1212,"column":199}},"801":{"start":{"line":1212,"column":29},"end":{"line":1212,"column":149}},"802":{"start":{"line":1215,"column":12},"end":{"line":1217,"column":14}},"803":{"start":{"line":1216,"column":16},"end":{"line":1216,"column":201}},"804":{"start":{"line":1216,"column":29},"end":{"line":1216,"column":151}},"805":{"start":{"line":1219,"column":12},"end":{"line":1221,"column":14}},"806":{"start":{"line":1220,"column":16},"end":{"line":1220,"column":202}},"807":{"start":{"line":1220,"column":29},"end":{"line":1220,"column":152}},"808":{"start":{"line":1223,"column":12},"end":{"line":1225,"column":14}},"809":{"start":{"line":1224,"column":16},"end":{"line":1224,"column":190}},"810":{"start":{"line":1224,"column":29},"end":{"line":1224,"column":142}},"811":{"start":{"line":1227,"column":12},"end":{"line":1229,"column":14}},"812":{"start":{"line":1228,"column":16},"end":{"line":1228,"column":195}},"813":{"start":{"line":1228,"column":29},"end":{"line":1228,"column":144}},"814":{"start":{"line":1231,"column":12},"end":{"line":1233,"column":14}},"815":{"start":{"line":1232,"column":16},"end":{"line":1232,"column":195}},"816":{"start":{"line":1232,"column":29},"end":{"line":1232,"column":145}},"817":{"start":{"line":1235,"column":12},"end":{"line":1237,"column":14}},"818":{"start":{"line":1236,"column":16},"end":{"line":1236,"column":197}},"819":{"start":{"line":1236,"column":29},"end":{"line":1236,"column":149}},"820":{"start":{"line":1239,"column":12},"end":{"line":1241,"column":14}},"821":{"start":{"line":1240,"column":16},"end":{"line":1240,"column":202}},"822":{"start":{"line":1240,"column":29},"end":{"line":1240,"column":151}},"823":{"start":{"line":1243,"column":12},"end":{"line":1245,"column":14}},"824":{"start":{"line":1244,"column":16},"end":{"line":1244,"column":201}},"825":{"start":{"line":1244,"column":29},"end":{"line":1244,"column":151}},"826":{"start":{"line":1247,"column":12},"end":{"line":1249,"column":14}},"827":{"start":{"line":1248,"column":16},"end":{"line":1248,"column":198}},"828":{"start":{"line":1248,"column":29},"end":{"line":1248,"column":142}},"829":{"start":{"line":1251,"column":12},"end":{"line":1253,"column":14}},"830":{"start":{"line":1252,"column":16},"end":{"line":1252,"column":199}},"831":{"start":{"line":1252,"column":29},"end":{"line":1252,"column":143}},"832":{"start":{"line":1255,"column":12},"end":{"line":1257,"column":14}},"833":{"start":{"line":1256,"column":16},"end":{"line":1256,"column":198}},"834":{"start":{"line":1256,"column":29},"end":{"line":1256,"column":142}},"835":{"start":{"line":1259,"column":12},"end":{"line":1261,"column":14}},"836":{"start":{"line":1260,"column":16},"end":{"line":1260,"column":200}},"837":{"start":{"line":1260,"column":29},"end":{"line":1260,"column":144}},"838":{"start":{"line":1263,"column":12},"end":{"line":1265,"column":14}},"839":{"start":{"line":1264,"column":16},"end":{"line":1264,"column":201}},"840":{"start":{"line":1264,"column":29},"end":{"line":1264,"column":145}},"841":{"start":{"line":1267,"column":12},"end":{"line":1269,"column":14}},"842":{"start":{"line":1268,"column":16},"end":{"line":1268,"column":199}},"843":{"start":{"line":1268,"column":29},"end":{"line":1268,"column":142}},"844":{"start":{"line":1271,"column":12},"end":{"line":1273,"column":14}},"845":{"start":{"line":1272,"column":16},"end":{"line":1272,"column":203}},"846":{"start":{"line":1272,"column":29},"end":{"line":1272,"column":146}},"847":{"start":{"line":1275,"column":12},"end":{"line":1277,"column":14}},"848":{"start":{"line":1276,"column":16},"end":{"line":1276,"column":202}},"849":{"start":{"line":1276,"column":29},"end":{"line":1276,"column":145}},"850":{"start":{"line":1279,"column":12},"end":{"line":1281,"column":14}},"851":{"start":{"line":1280,"column":16},"end":{"line":1280,"column":202}},"852":{"start":{"line":1280,"column":29},"end":{"line":1280,"column":145}},"853":{"start":{"line":1283,"column":12},"end":{"line":1285,"column":14}},"854":{"start":{"line":1284,"column":16},"end":{"line":1284,"column":199}},"855":{"start":{"line":1284,"column":29},"end":{"line":1284,"column":142}},"856":{"start":{"line":1287,"column":12},"end":{"line":1289,"column":14}},"857":{"start":{"line":1288,"column":16},"end":{"line":1288,"column":198}},"858":{"start":{"line":1288,"column":29},"end":{"line":1288,"column":141}},"859":{"start":{"line":1291,"column":12},"end":{"line":1293,"column":14}},"860":{"start":{"line":1292,"column":16},"end":{"line":1292,"column":189}},"861":{"start":{"line":1292,"column":29},"end":{"line":1292,"column":144}},"862":{"start":{"line":1295,"column":12},"end":{"line":1297,"column":14}},"863":{"start":{"line":1296,"column":16},"end":{"line":1296,"column":192}},"864":{"start":{"line":1296,"column":29},"end":{"line":1296,"column":146}},"865":{"start":{"line":1299,"column":12},"end":{"line":1301,"column":14}},"866":{"start":{"line":1300,"column":16},"end":{"line":1300,"column":189}},"867":{"start":{"line":1300,"column":29},"end":{"line":1300,"column":144}},"868":{"start":{"line":1303,"column":12},"end":{"line":1305,"column":14}},"869":{"start":{"line":1304,"column":16},"end":{"line":1304,"column":193}},"870":{"start":{"line":1304,"column":29},"end":{"line":1304,"column":147}},"871":{"start":{"line":1307,"column":12},"end":{"line":1309,"column":14}},"872":{"start":{"line":1308,"column":16},"end":{"line":1308,"column":192}},"873":{"start":{"line":1308,"column":29},"end":{"line":1308,"column":147}},"874":{"start":{"line":1311,"column":12},"end":{"line":1313,"column":14}},"875":{"start":{"line":1312,"column":16},"end":{"line":1312,"column":202}},"876":{"start":{"line":1312,"column":29},"end":{"line":1312,"column":151}},"877":{"start":{"line":1315,"column":12},"end":{"line":1317,"column":14}},"878":{"start":{"line":1316,"column":16},"end":{"line":1316,"column":198}},"879":{"start":{"line":1316,"column":29},"end":{"line":1316,"column":151}},"880":{"start":{"line":1319,"column":12},"end":{"line":1321,"column":14}},"881":{"start":{"line":1320,"column":16},"end":{"line":1320,"column":199}},"882":{"start":{"line":1320,"column":29},"end":{"line":1320,"column":151}},"883":{"start":{"line":1323,"column":12},"end":{"line":1325,"column":14}},"884":{"start":{"line":1324,"column":16},"end":{"line":1324,"column":199}},"885":{"start":{"line":1324,"column":29},"end":{"line":1324,"column":151}},"886":{"start":{"line":1327,"column":12},"end":{"line":1329,"column":14}},"887":{"start":{"line":1328,"column":16},"end":{"line":1328,"column":202}},"888":{"start":{"line":1328,"column":29},"end":{"line":1328,"column":151}},"889":{"start":{"line":1331,"column":12},"end":{"line":1333,"column":14}},"890":{"start":{"line":1332,"column":16},"end":{"line":1332,"column":203}},"891":{"start":{"line":1332,"column":29},"end":{"line":1332,"column":151}},"892":{"start":{"line":1335,"column":12},"end":{"line":1337,"column":14}},"893":{"start":{"line":1336,"column":16},"end":{"line":1336,"column":183}},"894":{"start":{"line":1336,"column":29},"end":{"line":1336,"column":142}},"895":{"start":{"line":1339,"column":12},"end":{"line":1341,"column":14}},"896":{"start":{"line":1340,"column":16},"end":{"line":1340,"column":184}},"897":{"start":{"line":1340,"column":29},"end":{"line":1340,"column":143}},"898":{"start":{"line":1343,"column":12},"end":{"line":1345,"column":14}},"899":{"start":{"line":1344,"column":16},"end":{"line":1344,"column":183}},"900":{"start":{"line":1344,"column":29},"end":{"line":1344,"column":142}},"901":{"start":{"line":1347,"column":12},"end":{"line":1349,"column":14}},"902":{"start":{"line":1348,"column":16},"end":{"line":1348,"column":185}},"903":{"start":{"line":1348,"column":29},"end":{"line":1348,"column":144}},"904":{"start":{"line":1351,"column":12},"end":{"line":1353,"column":14}},"905":{"start":{"line":1352,"column":16},"end":{"line":1352,"column":186}},"906":{"start":{"line":1352,"column":29},"end":{"line":1352,"column":145}},"907":{"start":{"line":1355,"column":12},"end":{"line":1357,"column":14}},"908":{"start":{"line":1356,"column":16},"end":{"line":1356,"column":184}},"909":{"start":{"line":1356,"column":29},"end":{"line":1356,"column":142}},"910":{"start":{"line":1359,"column":12},"end":{"line":1361,"column":14}},"911":{"start":{"line":1360,"column":16},"end":{"line":1360,"column":188}},"912":{"start":{"line":1360,"column":29},"end":{"line":1360,"column":146}},"913":{"start":{"line":1363,"column":12},"end":{"line":1365,"column":14}},"914":{"start":{"line":1364,"column":16},"end":{"line":1364,"column":187}},"915":{"start":{"line":1364,"column":29},"end":{"line":1364,"column":145}},"916":{"start":{"line":1367,"column":12},"end":{"line":1369,"column":14}},"917":{"start":{"line":1368,"column":16},"end":{"line":1368,"column":187}},"918":{"start":{"line":1368,"column":29},"end":{"line":1368,"column":145}},"919":{"start":{"line":1371,"column":12},"end":{"line":1373,"column":14}},"920":{"start":{"line":1372,"column":16},"end":{"line":1372,"column":184}},"921":{"start":{"line":1372,"column":29},"end":{"line":1372,"column":142}},"922":{"start":{"line":1375,"column":12},"end":{"line":1377,"column":14}},"923":{"start":{"line":1376,"column":16},"end":{"line":1376,"column":183}},"924":{"start":{"line":1376,"column":29},"end":{"line":1376,"column":141}},"925":{"start":{"line":1379,"column":12},"end":{"line":1381,"column":14}},"926":{"start":{"line":1380,"column":16},"end":{"line":1380,"column":187}},"927":{"start":{"line":1380,"column":29},"end":{"line":1380,"column":146}},"928":{"start":{"line":1383,"column":12},"end":{"line":1387,"column":14}},"929":{"start":{"line":1384,"column":33},"end":{"line":1384,"column":56}},"930":{"start":{"line":1386,"column":16},"end":{"line":1386,"column":201}},"931":{"start":{"line":1386,"column":29},"end":{"line":1386,"column":149}},"932":{"start":{"line":1389,"column":12},"end":{"line":1393,"column":14}},"933":{"start":{"line":1390,"column":34},"end":{"line":1390,"column":57}},"934":{"start":{"line":1392,"column":16},"end":{"line":1392,"column":202}},"935":{"start":{"line":1392,"column":29},"end":{"line":1392,"column":149}},"936":{"start":{"line":1395,"column":12},"end":{"line":1397,"column":14}},"937":{"start":{"line":1396,"column":16},"end":{"line":1396,"column":189}},"938":{"start":{"line":1396,"column":29},"end":{"line":1396,"column":148}},"939":{"start":{"line":1399,"column":12},"end":{"line":1401,"column":14}},"940":{"start":{"line":1400,"column":16},"end":{"line":1400,"column":190}},"941":{"start":{"line":1400,"column":29},"end":{"line":1400,"column":149}},"942":{"start":{"line":1403,"column":12},"end":{"line":1405,"column":14}},"943":{"start":{"line":1404,"column":16},"end":{"line":1404,"column":188}},"944":{"start":{"line":1404,"column":29},"end":{"line":1404,"column":146}},"945":{"start":{"line":1407,"column":12},"end":{"line":1409,"column":14}},"946":{"start":{"line":1408,"column":16},"end":{"line":1408,"column":192}},"947":{"start":{"line":1408,"column":29},"end":{"line":1408,"column":150}},"948":{"start":{"line":1411,"column":12},"end":{"line":1413,"column":14}},"949":{"start":{"line":1412,"column":16},"end":{"line":1412,"column":191}},"950":{"start":{"line":1412,"column":29},"end":{"line":1412,"column":149}},"951":{"start":{"line":1415,"column":12},"end":{"line":1417,"column":14}},"952":{"start":{"line":1416,"column":16},"end":{"line":1416,"column":191}},"953":{"start":{"line":1416,"column":29},"end":{"line":1416,"column":149}},"954":{"start":{"line":1419,"column":12},"end":{"line":1421,"column":14}},"955":{"start":{"line":1420,"column":16},"end":{"line":1420,"column":188}},"956":{"start":{"line":1420,"column":29},"end":{"line":1420,"column":146}},"957":{"start":{"line":1423,"column":12},"end":{"line":1425,"column":14}},"958":{"start":{"line":1424,"column":16},"end":{"line":1424,"column":187}},"959":{"start":{"line":1424,"column":29},"end":{"line":1424,"column":145}},"960":{"start":{"line":1428,"column":8},"end":{"line":1567,"column":10}},"961":{"start":{"line":1431,"column":12},"end":{"line":1438,"column":14}},"962":{"start":{"line":1432,"column":16},"end":{"line":1432,"column":138}},"963":{"start":{"line":1434,"column":16},"end":{"line":1434,"column":34}},"964":{"start":{"line":1436,"column":16},"end":{"line":1436,"column":36}},"965":{"start":{"line":1437,"column":16},"end":{"line":1437,"column":34}},"966":{"start":{"line":1440,"column":12},"end":{"line":1455,"column":14}},"967":{"start":{"line":1441,"column":31},"end":{"line":1441,"column":94}},"968":{"start":{"line":1443,"column":33},"end":{"line":1443,"column":39}},"969":{"start":{"line":1445,"column":16},"end":{"line":1445,"column":58}},"970":{"start":{"line":1446,"column":16},"end":{"line":1446,"column":51}},"971":{"start":{"line":1447,"column":16},"end":{"line":1447,"column":56}},"972":{"start":{"line":1448,"column":16},"end":{"line":1448,"column":62}},"973":{"start":{"line":1449,"column":16},"end":{"line":1449,"column":52}},"974":{"start":{"line":1450,"column":16},"end":{"line":1450,"column":138}},"975":{"start":{"line":1451,"column":16},"end":{"line":1451,"column":47}},"976":{"start":{"line":1452,"column":16},"end":{"line":1452,"column":79}},"977":{"start":{"line":1453,"column":16},"end":{"line":1453,"column":80}},"978":{"start":{"line":1457,"column":12},"end":{"line":1499,"column":14}},"979":{"start":{"line":1459,"column":26},"end":{"line":1459,"column":114}},"980":{"start":{"line":1461,"column":30},"end":{"line":1461,"column":121}},"981":{"start":{"line":1463,"column":16},"end":{"line":1463,"column":36}},"982":{"start":{"line":1465,"column":31},"end":{"line":1465,"column":122}},"983":{"start":{"line":1467,"column":16},"end":{"line":1467,"column":37}},"984":{"start":{"line":1470,"column":27},"end":{"line":1470,"column":50}},"985":{"start":{"line":1472,"column":29},"end":{"line":1472,"column":59}},"986":{"start":{"line":1474,"column":26},"end":{"line":1474,"column":85}},"987":{"start":{"line":1476,"column":16},"end":{"line":1476,"column":32}},"988":{"start":{"line":1478,"column":28},"end":{"line":1478,"column":51}},"989":{"start":{"line":1480,"column":30},"end":{"line":1480,"column":60}},"990":{"start":{"line":1482,"column":27},"end":{"line":1482,"column":100}},"991":{"start":{"line":1484,"column":16},"end":{"line":1484,"column":33}},"992":{"start":{"line":1486,"column":31},"end":{"line":1486,"column":94}},"993":{"start":{"line":1488,"column":33},"end":{"line":1488,"column":39}},"994":{"start":{"line":1490,"column":16},"end":{"line":1490,"column":58}},"995":{"start":{"line":1491,"column":16},"end":{"line":1491,"column":51}},"996":{"start":{"line":1492,"column":16},"end":{"line":1492,"column":56}},"997":{"start":{"line":1493,"column":16},"end":{"line":1493,"column":62}},"998":{"start":{"line":1494,"column":16},"end":{"line":1494,"column":52}},"999":{"start":{"line":1495,"column":16},"end":{"line":1495,"column":56}},"1000":{"start":{"line":1496,"column":16},"end":{"line":1496,"column":52}},"1001":{"start":{"line":1497,"column":16},"end":{"line":1497,"column":79}},"1002":{"start":{"line":1498,"column":16},"end":{"line":1498,"column":80}},"1003":{"start":{"line":1501,"column":12},"end":{"line":1503,"column":14}},"1004":{"start":{"line":1502,"column":16},"end":{"line":1502,"column":135}},"1005":{"start":{"line":1502,"column":29},"end":{"line":1502,"column":85}},"1006":{"start":{"line":1505,"column":12},"end":{"line":1507,"column":14}},"1007":{"start":{"line":1506,"column":16},"end":{"line":1506,"column":135}},"1008":{"start":{"line":1506,"column":29},"end":{"line":1506,"column":85}},"1009":{"start":{"line":1509,"column":12},"end":{"line":1511,"column":14}},"1010":{"start":{"line":1510,"column":16},"end":{"line":1510,"column":136}},"1011":{"start":{"line":1510,"column":29},"end":{"line":1510,"column":86}},"1012":{"start":{"line":1513,"column":12},"end":{"line":1515,"column":14}},"1013":{"start":{"line":1514,"column":16},"end":{"line":1514,"column":134}},"1014":{"start":{"line":1514,"column":29},"end":{"line":1514,"column":78}},"1015":{"start":{"line":1517,"column":12},"end":{"line":1519,"column":14}},"1016":{"start":{"line":1518,"column":16},"end":{"line":1518,"column":134}},"1017":{"start":{"line":1518,"column":29},"end":{"line":1518,"column":78}},"1018":{"start":{"line":1521,"column":12},"end":{"line":1523,"column":14}},"1019":{"start":{"line":1522,"column":16},"end":{"line":1522,"column":135}},"1020":{"start":{"line":1522,"column":29},"end":{"line":1522,"column":79}},"1021":{"start":{"line":1525,"column":12},"end":{"line":1527,"column":14}},"1022":{"start":{"line":1526,"column":16},"end":{"line":1526,"column":125}},"1023":{"start":{"line":1526,"column":29},"end":{"line":1526,"column":80}},"1024":{"start":{"line":1529,"column":12},"end":{"line":1531,"column":14}},"1025":{"start":{"line":1530,"column":16},"end":{"line":1530,"column":127}},"1026":{"start":{"line":1530,"column":29},"end":{"line":1530,"column":81}},"1027":{"start":{"line":1533,"column":12},"end":{"line":1535,"column":14}},"1028":{"start":{"line":1534,"column":16},"end":{"line":1534,"column":126}},"1029":{"start":{"line":1534,"column":29},"end":{"line":1534,"column":81}},"1030":{"start":{"line":1537,"column":12},"end":{"line":1539,"column":14}},"1031":{"start":{"line":1538,"column":16},"end":{"line":1538,"column":119}},"1032":{"start":{"line":1538,"column":29},"end":{"line":1538,"column":78}},"1033":{"start":{"line":1541,"column":12},"end":{"line":1543,"column":14}},"1034":{"start":{"line":1542,"column":16},"end":{"line":1542,"column":119}},"1035":{"start":{"line":1542,"column":29},"end":{"line":1542,"column":78}},"1036":{"start":{"line":1545,"column":12},"end":{"line":1547,"column":14}},"1037":{"start":{"line":1546,"column":16},"end":{"line":1546,"column":120}},"1038":{"start":{"line":1546,"column":29},"end":{"line":1546,"column":79}},"1039":{"start":{"line":1549,"column":12},"end":{"line":1553,"column":14}},"1040":{"start":{"line":1550,"column":34},"end":{"line":1550,"column":47}},"1041":{"start":{"line":1552,"column":16},"end":{"line":1552,"column":138}},"1042":{"start":{"line":1552,"column":29},"end":{"line":1552,"column":85}},"1043":{"start":{"line":1555,"column":12},"end":{"line":1559,"column":14}},"1044":{"start":{"line":1556,"column":35},"end":{"line":1556,"column":48}},"1045":{"start":{"line":1558,"column":16},"end":{"line":1558,"column":140}},"1046":{"start":{"line":1558,"column":29},"end":{"line":1558,"column":86}},"1047":{"start":{"line":1561,"column":12},"end":{"line":1565,"column":14}},"1048":{"start":{"line":1562,"column":34},"end":{"line":1562,"column":47}},"1049":{"start":{"line":1564,"column":16},"end":{"line":1564,"column":138}},"1050":{"start":{"line":1564,"column":29},"end":{"line":1564,"column":85}},"1051":{"start":{"line":1568,"column":8},"end":{"line":1753,"column":10}},"1052":{"start":{"line":1571,"column":12},"end":{"line":1604,"column":14}},"1053":{"start":{"line":1572,"column":16},"end":{"line":1572,"column":138}},"1054":{"start":{"line":1574,"column":33},"end":{"line":1574,"column":48}},"1055":{"start":{"line":1575,"column":32},"end":{"line":1575,"column":41}},"1056":{"start":{"line":1576,"column":33},"end":{"line":1576,"column":41}},"1057":{"start":{"line":1577,"column":31},"end":{"line":1577,"column":57}},"1058":{"start":{"line":1578,"column":30},"end":{"line":1578,"column":37}},"1059":{"start":{"line":1579,"column":33},"end":{"line":1579,"column":38}},"1060":{"start":{"line":1580,"column":29},"end":{"line":1580,"column":33}},"1061":{"start":{"line":1581,"column":30},"end":{"line":1581,"column":35}},"1062":{"start":{"line":1582,"column":30},"end":{"line":1582,"column":35}},"1063":{"start":{"line":1583,"column":33},"end":{"line":1583,"column":38}},"1064":{"start":{"line":1584,"column":34},"end":{"line":1584,"column":39}},"1065":{"start":{"line":1586,"column":34},"end":{"line":1589,"column":17}},"1066":{"start":{"line":1591,"column":31},"end":{"line":1591,"column":72}},"1067":{"start":{"line":1593,"column":31},"end":{"line":1593,"column":71}},"1068":{"start":{"line":1595,"column":31},"end":{"line":1595,"column":47}},"1069":{"start":{"line":1597,"column":16},"end":{"line":1597,"column":240}},"1070":{"start":{"line":1599,"column":16},"end":{"line":1599,"column":34}},"1071":{"start":{"line":1600,"column":16},"end":{"line":1600,"column":35}},"1072":{"start":{"line":1602,"column":16},"end":{"line":1602,"column":36}},"1073":{"start":{"line":1603,"column":16},"end":{"line":1603,"column":34}},"1074":{"start":{"line":1606,"column":12},"end":{"line":1622,"column":14}},"1075":{"start":{"line":1607,"column":29},"end":{"line":1607,"column":40}},"1076":{"start":{"line":1609,"column":31},"end":{"line":1609,"column":92}},"1077":{"start":{"line":1611,"column":33},"end":{"line":1611,"column":39}},"1078":{"start":{"line":1613,"column":16},"end":{"line":1613,"column":58}},"1079":{"start":{"line":1614,"column":16},"end":{"line":1614,"column":51}},"1080":{"start":{"line":1615,"column":16},"end":{"line":1615,"column":56}},"1081":{"start":{"line":1616,"column":16},"end":{"line":1616,"column":62}},"1082":{"start":{"line":1617,"column":16},"end":{"line":1617,"column":52}},"1083":{"start":{"line":1618,"column":16},"end":{"line":1618,"column":79}},"1084":{"start":{"line":1619,"column":16},"end":{"line":1619,"column":80}},"1085":{"start":{"line":1620,"column":16},"end":{"line":1620,"column":56}},"1086":{"start":{"line":1621,"column":16},"end":{"line":1621,"column":52}},"1087":{"start":{"line":1624,"column":12},"end":{"line":1668,"column":14}},"1088":{"start":{"line":1626,"column":26},"end":{"line":1626,"column":114}},"1089":{"start":{"line":1628,"column":30},"end":{"line":1628,"column":121}},"1090":{"start":{"line":1630,"column":16},"end":{"line":1630,"column":36}},"1091":{"start":{"line":1632,"column":31},"end":{"line":1632,"column":122}},"1092":{"start":{"line":1634,"column":16},"end":{"line":1634,"column":37}},"1093":{"start":{"line":1637,"column":27},"e
[...]
mn":12},"end":{"line":546,"column":71}},{"start":{"line":546,"column":12},"end":{"line":546,"column":71}}],"line":546},"28":{"loc":{"start":{"line":571,"column":12},"end":{"line":571,"column":69}},"type":"if","locations":[{"start":{"line":571,"column":12},"end":{"line":571,"column":69}},{"start":{"line":571,"column":12},"end":{"line":571,"column":69}}],"line":571},"29":{"loc":{"start":{"line":600,"column":12},"end":{"line":600,"column":69}},"type":"if","locations":[{"start":{"line":600,"column":12},"end":{"line":600,"column":69}},{"start":{"line":600,"column":12},"end":{"line":600,"column":69}}],"line":600},"30":{"loc":{"start":{"line":604,"column":12},"end":{"line":604,"column":71}},"type":"if","locations":[{"start":{"line":604,"column":12},"end":{"line":604,"column":71}},{"start":{"line":604,"column":12},"end":{"line":604,"column":71}}],"line":604},"31":{"loc":{"start":{"line":631,"column":12},"end":{"line":631,"column":71}},"type":"if","locations":[{"start":{"line":631,"column":12},"end":{"line":631,"column":71}},{"start":{"line":631,"column":12},"end":{"line":631,"column":71}}],"line":631},"32":{"loc":{"start":{"line":671,"column":12},"end":{"line":671,"column":69}},"type":"if","locations":[{"start":{"line":671,"column":12},"end":{"line":671,"column":69}},{"start":{"line":671,"column":12},"end":{"line":671,"column":69}}],"line":671},"33":{"loc":{"start":{"line":718,"column":12},"end":{"line":718,"column":69}},"type":"if","locations":[{"start":{"line":718,"column":12},"end":{"line":718,"column":69}},{"start":{"line":718,"column":12},"end":{"line":718,"column":69}}],"line":718},"34":{"loc":{"start":{"line":722,"column":12},"end":{"line":722,"column":71}},"type":"if","locations":[{"start":{"line":722,"column":12},"end":{"line":722,"column":71}},{"start":{"line":722,"column":12},"end":{"line":722,"column":71}}],"line":722},"35":{"loc":{"start":{"line":726,"column":12},"end":{"line":730,"column":13}},"type":"if","locations":[{"start":{"line":726,"column":12},"end":{"line":730,"column":13}},{"start":{"line":726,"column":12},"end":{"line":730,"column":13}}],"line":726},"36":{"loc":{"start":{"line":751,"column":12},"end":{"line":751,"column":69}},"type":"if","locations":[{"start":{"line":751,"column":12},"end":{"line":751,"column":69}},{"start":{"line":751,"column":12},"end":{"line":751,"column":69}}],"line":751},"37":{"loc":{"start":{"line":789,"column":12},"end":{"line":789,"column":69}},"type":"if","locations":[{"start":{"line":789,"column":12},"end":{"line":789,"column":69}},{"start":{"line":789,"column":12},"end":{"line":789,"column":69}}],"line":789},"38":{"loc":{"start":{"line":793,"column":12},"end":{"line":793,"column":71}},"type":"if","locations":[{"start":{"line":793,"column":12},"end":{"line":793,"column":71}},{"start":{"line":793,"column":12},"end":{"line":793,"column":71}}],"line":793},"39":{"loc":{"start":{"line":797,"column":12},"end":{"line":801,"column":13}},"type":"if","locations":[{"start":{"line":797,"column":12},"end":{"line":801,"column":13}},{"start":{"line":797,"column":12},"end":{"line":801,"column":13}}],"line":797},"40":{"loc":{"start":{"line":822,"column":12},"end":{"line":822,"column":69}},"type":"if","locations":[{"start":{"line":822,"column":12},"end":{"line":822,"column":69}},{"start":{"line":822,"column":12},"end":{"line":822,"column":69}}],"line":822}},"s":{"0":1,"1":1,"2":1,"3":1,"4":1,"5":1,"6":1,"7":9,"8":9,"9":2,"10":2,"11":9,"12":5,"13":5,"14":2,"15":2,"16":5,"17":11,"18":11,"19":4,"20":7,"21":2,"22":4,"23":2,"24":4,"25":2,"26":2,"27":5,"28":49,"29":6,"30":6,"31":6,"32":1,"33":5,"34":5,"35":5,"36":5,"37":17,"38":3,"39":3,"40":3,"41":1,"42":2,"43":1,"44":1,"45":9,"46":2,"47":2,"48":2,"49":1,"50":1,"51":1,"52":1,"53":1,"54":9,"55":2,"56":2,"57":2,"58":1,"59":1,"60":1,"61":1,"62":0,"63":1,"64":1,"65":1,"66":1,"67":1,"68":1,"69":57,"70":2,"71":2,"72":2,"73":1,"74":1,"75":1,"76":1,"77":17,"78":2,"79":2,"80":2,"81":2,"82":2,"83":2,"84":2,"85":2,"86":2,"87":2,"88":2,"89":2,"90":2,"91":2,"92":2,"93":2,"94":2,"95":2,"96":18,"97":3,"98":3,"99":3,"100":3,"101":3,"102":3,"103":3,"104":3,"105":3,"106":3,"107":3,"108":3,"109":3,"110":3,"111":3,"112":3,"113":17,"114":3,"115":3,"116":3,"117":1,"118":2,"119":2,"120":1,"121":1,"122":0,"123":1,"124":1,"125":0,"126":1,"127":1,"128":1,"129":1,"130":1,"131":1,"132":1,"133":1,"134":1,"135":1,"136":1,"137":0,"138":1,"139":1,"140":2,"141":1,"142":1,"143":1,"144":1,"145":1,"146":1,"147":23,"148":4,"149":4,"150":4,"151":1,"152":3,"153":3,"154":1,"155":2,"156":0,"157":2,"158":2,"159":2,"160":0,"161":0,"162":0,"163":2,"164":2,"165":2,"166":2,"167":2,"168":0,"169":0,"170":2,"171":2,"172":17,"173":3,"174":3,"175":3,"176":1,"177":2,"178":2,"179":1,"180":1,"181":1,"182":1,"183":0,"184":1,"185":1,"186":1,"187":1,"188":1,"189":9,"190":2,"191":2,"192":2,"193":1,"194":1,"195":1,"196":1,"197":1,"198":9,"199":2,"200":2,"201":2,"202":1,"203":1,"204":1,"205":1,"206":1,"207":24,"208":3,"209":3,"210":3,"211":1,"212":2,"213":2,"214":1,"215":1,"216":1,"217":1,"218":1,"219":9,"220":2,"221":2,"222":2,"223":1,"224":1,"225":1,"226":1,"227":1,"228":1,"229":1,"230":1,"231":1,"232":1,"233":1,"234":1,"235":9,"236":2,"237":2,"238":2,"239":1,"240":1,"241":1,"242":1,"243":1,"244":1,"245":1,"246":1,"247":1,"248":1,"249":1,"250":1,"251":1,"252":1,"253":1,"254":17,"255":3,"256":3,"257":3,"258":1,"259":2,"260":2,"261":1,"262":1,"263":0,"264":1,"265":0,"266":1,"267":1,"268":9,"269":2,"270":2,"271":2,"272":1,"273":1,"274":1,"275":1,"276":1,"277":1,"278":1,"279":1,"280":1,"281":1,"282":1,"283":17,"284":3,"285":3,"286":3,"287":1,"288":2,"289":2,"290":1,"291":1,"292":0,"293":1,"294":0,"295":1,"296":1,"297":9,"298":2,"299":2,"300":2,"301":1,"302":1,"303":1,"304":1,"305":1,"306":1,"307":1,"308":1,"309":1,"310":1,"311":1,"312":1},"f":{"0":9,"1":5,"2":11,"3":4,"4":4,"5":49,"6":6,"7":17,"8":3,"9":9,"10":2,"11":9,"12":2,"13":1,"14":1,"15":57,"16":2,"17":17,"18":2,"19":2,"20":2,"21":18,"22":3,"23":3,"24":3,"25":17,"26":3,"27":0,"28":0,"29":1,"30":2,"31":23,"32":4,"33":0,"34":0,"35":17,"36":3,"37":1,"38":1,"39":9,"40":2,"41":1,"42":9,"43":2,"44":1,"45":24,"46":3,"47":9,"48":2,"49":1,"50":1,"51":9,"52":2,"53":1,"54":1,"55":17,"56":3,"57":0,"58":9,"59":2,"60":1,"61":1,"62":17,"63":3,"64":0,"65":9,"66":2,"67":1,"68":1},"b":{"0":[2,7],"1":[2,3],"2":[4,7],"3":[2,5],"4":[1,5],"5":[5,3],"6":[5,3],"7":[1,2],"8":[1,1],"9":[1,1],"10":[1,1],"11":[0,1],"12":[1,1],"13":[1,2],"14":[1,1],"15":[0,1],"16":[0,1],"17":[1,0],"18":[0,1],"19":[1,0],"20":[1,3],"21":[1,2],"22":[2,0],"23":[2,0],"24":[1,2],"25":[1,1],"26":[0,1],"27":[1,1],"28":[1,1],"29":[1,2],"30":[1,1],"31":[1,1],"32":[1,1],"33":[1,2],"34":[1,1],"35":[0,1],"36":[1,1],"37":[1,2],"38":[1,1],"39":[0,1],"40":[1,1]},"_coverageSchema":"43e27e138ebf9cfc5966b082cf9a028302ed4184","hash":"380984c8e3d9826d20f09e542e1396a76c6a74a4","contentHash":"d64463618c018d6d48a76707ff03c142"},"/Users/asanjuan/bootcamp/collab/skylab-bootcamp-201809/staff/ana-sanjuan/skysquare/skysquare-api/errors/index.js":{"path":"/Users/asanjuan/bootcamp/collab/skylab-bootcamp-201809/staff/ana-sanjuan/skysquare/skysquare-api/errors/index.js","statementMap":{"0":{"start":{"line":3,"column":27},"end":{"line":3,"column":60}},"1":{"start":{"line":4,"column":18},"end":{"line":4,"column":41}},"2":{"start":{"line":5,"column":24},"end":{"line":5,"column":54}},"3":{"start":{"line":6,"column":22},"end":{"line":6,"column":50}},"4":{"start":{"line":7,"column":19},"end":{"line":7,"column":43}},"5":{"start":{"line":9,"column":0},"end":{"line":15,"column":1}}},"fnMap":{},"branchMap":{},"s":{"0":1,"1":1,"2":1,"3":1,"4":1,"5":1},"f":{},"b":{},"_coverageSchema":"43e27e138ebf9cfc5966b082cf9a028302ed4184","hash":"8fdd7f868a0fea919b49071ae98a2e6495fa0444","contentHash":"847843e24afd5f427aa114d763b499c6"},"/Users/asanjuan/bootcamp/collab/skylab-bootcamp-201809/staff/ana-sanjuan/skysquare/skysquare-api/errors/already-exists-error.js":{"path":"/Users/asanjuan/bootcamp/collab/skylab-bootcamp-201809/staff/ana-sanjuan/skysquare/skysquare-api/errors/already-exists-error.js","statementMap":{"0":{"start":{"line":5,"column":8},"end":{"line":5,"column":15}},"1":{"start":{"line":7,"column":8},"end":{"line":7,"column":55}},"2":{"start":{"line":9,"column":8},"end":{"line":9,"column":40}},"3":{"start":{"line":10,"column":8},"end":{"line":10,"column":30}},"4":{"start":{"line":12,"column":8},"end":{"line":12,"column":37}},"5":{"start":{"line":12,"column":19},"end":{"line":12,"column":37}},"6":{"start":{"line":16,"column":0},"end":{"line":16,"column":35}}},"fnMap":{"0":{"name":"(anonymous_0)","decl":{"start":{"line":4,"column":4},"end":{"line":4,"column":5}},"loc":{"start":{"line":4,"column":32},"end":{"line":13,"column":5}},"line":4}},"branchMap":{"0":{"loc":{"start":{"line":12,"column":8},"end":{"line":12,"column":37}},"type":"if","locations":[{"start":{"line":12,"column":8},"end":{"line":12,"column":37}},{"start":{"line":12,"column":8},"end":{"line":12,"column":37}}],"line":12}},"s":{"0":1,"1":1,"2":1,"3":1,"4":1,"5":0,"6":1},"f":{"0":1},"b":{"0":[0,1]},"_coverageSchema":"43e27e138ebf9cfc5966b082cf9a028302ed4184","hash":"4424cb699a6d19239b8bc93d28e46821a6f9bb5a","contentHash":"20d621deac472557d0f841153b1b3660"},"/Users/asanjuan/bootcamp/collab/skylab-bootcamp-201809/staff/ana-sanjuan/skysquare/skysquare-api/errors/auth-error.js":{"path":"/Users/asanjuan/bootcamp/collab/skylab-bootcamp-201809/staff/ana-sanjuan/skysquare/skysquare-api/errors/auth-error.js","statementMap":{"0":{"start":{"line":5,"column":8},"end":{"line":5,"column":15}},"1":{"start":{"line":7,"column":8},"end":{"line":7,"column":55}},"2":{"start":{"line":9,"column":8},"end":{"line":9,"column":31}},"3":{"start":{"line":10,"column":8},"end":{"line":10,"column":30}},"4":{"start":{"line":12,"column":8},"end":{"line":12,"column":37}},"5":{"start":{"line":12,"column":19},"end":{"line":12,"column":37}},"6":{"start":{"line":16,"column":0},"end":{"line":16,"column":26}}},"fnMap":{"0":{"name":"(anonymous_0)","decl":{"start":{"line":4,"column":4},"end":{"line":4,"column":5}},"loc":{"start":{"line":4,"column":32},"end":{"line":13,"column":5}},"line":4}},"branchMap":{"0":{"loc":{"start":{"line":12,"column":8},"end":{"line":12,"column":37}},"type":"if","locations":[{"start":{"line":12,"column":8},"end":{"line":12,"column":37}},{"start":{"line":12,"column":8},"end":{"line":12,"column":37}}],"line":12}},"s":{"0":1,"1":1,"2":1,"3":1,"4":1,"5":0,"6":1},"f":{"0":1},"b":{"0":[0,1]},"_coverageSchema":"43e27e138ebf9cfc5966b082cf9a028302ed4184","hash":"4c308825c73c136d063e56a4bf944db9e13ae96b","contentHash":"080ef33e5fa383a280ae8a622e8fab33"},"/Users/asanjuan/bootcamp/collab/skylab-bootcamp-201809/staff/ana-sanjuan/skysquare/skysquare-api/errors/not-allowed-error.js":{"path":"/Users/asanjuan/bootcamp/collab/skylab-bootcamp-201809/staff/ana-sanjuan/skysquare/skysquare-api/errors/not-allowed-error.js","statementMap":{"0":{"start":{"line":5,"column":8},"end":{"line":5,"column":15}},"1":{"start":{"line":7,"column":8},"end":{"line":7,"column":55}},"2":{"start":{"line":9,"column":8},"end":{"line":9,"column":37}},"3":{"start":{"line":10,"column":8},"end":{"line":10,"column":30}},"4":{"start":{"line":12,"column":8},"end":{"line":12,"column":37}},"5":{"start":{"line":12,"column":19},"end":{"line":12,"column":37}},"6":{"start":{"line":16,"column":0},"end":{"line":16,"column":32}}},"fnMap":{"0":{"name":"(anonymous_0)","decl":{"start":{"line":4,"column":4},"end":{"line":4,"column":5}},"loc":{"start":{"line":4,"column":32},"end":{"line":13,"column":5}},"line":4}},"branchMap":{"0":{"loc":{"start":{"line":12,"column":8},"end":{"line":12,"column":37}},"type":"if","locations":[{"start":{"line":12,"column":8},"end":{"line":12,"column":37}},{"start":{"line":12,"column":8},"end":{"line":12,"column":37}}],"line":12}},"s":{"0":0,"1":0,"2":0,"3":0,"4":0,"5":0,"6":1},"f":{"0":0},"b":{"0":[0,0]},"_coverageSchema":"43e27e138ebf9cfc5966b082cf9a028302ed4184","hash":"ee686f48e2ba2668c7da850fccf7551908bc0183","contentHash":"04bce40af085178b276a77981b195ae3"},"/Users/asanjuan/bootcamp/collab/skylab-bootcamp-201809/staff/ana-sanjuan/skysquare/skysquare-api/errors/not-found-error.js":{"path":"/Users/asanjuan/bootcamp/collab/skylab-bootcamp-201809/staff/ana-sanjuan/skysquare/skysquare-api/errors/not-found-error.js","statementMap":{"0":{"start":{"line":5,"column":8},"end":{"line":5,"column":15}},"1":{"start":{"line":7,"column":8},"end":{"line":7,"column":55}},"2":{"start":{"line":9,"column":8},"end":{"line":9,"column":35}},"3":{"start":{"line":10,"column":8},"end":{"line":10,"column":30}},"4":{"start":{"line":12,"column":8},"end":{"line":12,"column":37}},"5":{"start":{"line":12,"column":19},"end":{"line":12,"column":37}},"6":{"start":{"line":16,"column":0},"end":{"line":16,"column":30}}},"fnMap":{"0":{"name":"(anonymous_0)","decl":{"start":{"line":4,"column":4},"end":{"line":4,"column":5}},"loc":{"start":{"line":4,"column":32},"end":{"line":13,"column":5}},"line":4}},"branchMap":{"0":{"loc":{"start":{"line":12,"column":8},"end":{"line":12,"column":37}},"type":"if","locations":[{"start":{"line":12,"column":8},"end":{"line":12,"column":37}},{"start":{"line":12,"column":8},"end":{"line":12,"column":37}}],"line":12}},"s":{"0":22,"1":22,"2":22,"3":22,"4":22,"5":0,"6":1},"f":{"0":22},"b":{"0":[0,22]},"_coverageSchema":"43e27e138ebf9cfc5966b082cf9a028302ed4184","hash":"142c92584e968369d591df6a907294a9d2f7630b","contentHash":"77569bd28fac232898d28ccf07956d1b"},"/Users/asanjuan/bootcamp/collab/skylab-bootcamp-201809/staff/ana-sanjuan/skysquare/skysquare-api/errors/value-error.js":{"path":"/Users/asanjuan/bootcamp/collab/skylab-bootcamp-201809/staff/ana-sanjuan/skysquare/skysquare-api/errors/value-error.js","statementMap":{"0":{"start":{"line":5,"column":8},"end":{"line":5,"column":15}},"1":{"start":{"line":7,"column":8},"end":{"line":7,"column":55}},"2":{"start":{"line":9,"column":8},"end":{"line":9,"column":32}},"3":{"start":{"line":10,"column":8},"end":{"line":10,"column":30}},"4":{"start":{"line":12,"column":8},"end":{"line":12,"column":37}},"5":{"start":{"line":12,"column":19},"end":{"line":12,"column":37}},"6":{"start":{"line":16,"column":0},"end":{"line":16,"column":27}}},"fnMap":{"0":{"name":"(anonymous_0)","decl":{"start":{"line":4,"column":4},"end":{"line":4,"column":5}},"loc":{"start":{"line":4,"column":32},"end":{"line":13,"column":5}},"line":4}},"branchMap":{"0":{"loc":{"start":{"line":12,"column":8},"end":{"line":12,"column":37}},"type":"if","locations":[{"start":{"line":12,"column":8},"end":{"line":12,"column":37}},{"start":{"line":12,"column":8},"end":{"line":12,"column":37}}],"line":12}},"s":{"0":62,"1":62,"2":62,"3":62,"4":62,"5":0,"6":1},"f":{"0":62},"b":{"0":[0,62]},"_coverageSchema":"43e27e138ebf9cfc5966b082cf9a028302ed4184","hash":"84ff92715d33b03b7be2f0f913a8212dd87b09e9","contentHash":"8ced4c38cce9ca833b6d0d3dc425de5f"},"/Users/asanjuan/bootcamp/collab/skylab-bootcamp-201809/staff/ana-sanjuan/skysquare/skysquare-api/utils/validate.js":{"path":"/Users/asanjuan/bootcamp/collab/skylab-bootcamp-201809/staff/ana-sanjuan/skysquare/skysquare-api/utils/validate.js","statementMap":{"0":{"start":{"line":3,"column":23},"end":{"line":3,"column":43}},"1":{"start":{"line":6,"column":4},"end":{"line":27,"column":6}},"2":{"start":{"line":7,"column":8},"end":{"line":26,"column":9}},"3":{"start":{"line":9,"column":16},"end":{"line":9,"column":52}},"4":{"start":{"line":9,"column":47},"end":{"line":9,"column":52}},"5":{"start":{"line":11,"column":16},"end":{"line":11,"column":90}},"6":{"start":{"line":11,"column":47},"end":{"line":11,"column":90}},"7":{"start":{"line":13,"column":16},"end":{"line":13,"column":90}},"8":{"start":{"line":13,"column":42},"end":{"line":13,"column":90}},"9":{"start":{"line":15,"column":16},"end":{"line":15,"column":21}},"10":{"start":{"line":17,"column":16},"end":{"line":17,"column":52}},"11":{"start":{"line":17,"column":47},"end":{"line":17,"column":52}},"12":{"start":{"line":19,"column":16},"end":{"line":19,"column":92}},"13":{"start":{"line":19,"column":48},"end":{"line":19,"column":92}},"14":{"start":{"line":21,"column":16},"end":{"line":21,"column":21}},"15":{"start":{"line":23,"column":16},"end":{"line":23,"column":52}},"16":{"start":{"line":23,"column":47},"end":{"line":23,"column":52}},"17":{"start":{"line":25,"column":16},"end":{"line":25,"column":90}},"18":{"start":{"line":25,"column":47},"end":{"line":25,"column":90}},"19":{"start":{"line":30,"column":0},"end":{"line":30,"column":25}}},"fnMap":{"0":{"name":"validate","decl":{"start":{"line":5,"column":9},"end":{"line":5,"column":17}},"loc":{"start":{"line":5,"column":26},"end":{"line":28,"column":1}},"line":5},"1":{"name":"(anonymous_1)","decl":{"start":{"line":6,"column":19},"end":{"line":6,"column":20}},"loc":{"start":{"line":6,"column":55},"end":{"line":27,"column":5}},"line":6}},"branchMap":{"0":{"loc":{"start":{"line":7,"column":8},"end":{"line":26,"column":9}},"type":"switch","locations":[{"start":{"line":8,"column":12},"end":{"line":15,"column":21}},{"start":{"line":16,"column":12},"end":{"line":21,"column":21}},{"start":{"line":22,"column":12},"end":{"line":25,"column":90}}],"line":7},"1":{"loc":{"start":{"line":9,"column":16},"end":{"line":9,"column":52}},"type":"if","locations":[{"start":{"line":9,"column":16},"end":{"line":9,"column":52}},{"start":{"line":9,"column":16},"end":{"line":9,"column":52}}],"line":9},"2":{"loc":{"start":{"line":9,"column":20},"end":{"line":9,"column":45}},"type":"binary-expr","locations":[{"start":{"line":9,"column":20},"end":{"line":9,"column":28}},{"start":{"line":9,"column":32},"end":{"line":9,"column":45}}],"line":9},"3":{"loc":{"start":{"line":11,"column":16},"end":{"line":11,"column":90}},"type":"if","locations":[{"start":{"line":11,"column":16},"end":{"line":11,"column":90}},{"start":{"line":11,"column":16},"end":{"line":11,"column":90}}],"line":11},"4":{"loc":{"start":{"line":13,"column":16},"end":{"line":13,"column":90}},"type":"if","locations":[{"start":{"line":13,"column":16},"end":{"line":13,"column":90}},{"start":{"line":13,"column":16},"end":{"line":13,"column":90}}],"line":13},"5":{"loc":{"start":{"line":17,"column":16},"end":{"line":17,"column":52}},"type":"if","locations":[{"start":{"line":17,"column":16},"end":{"line":17,"column":52}},{"start":{"line":17,"column":16},"end":{"line":17,"column":52}}],"line":17},"6":{"loc":{"start":{"line":17,"column":20},"end":{"line":17,"column":45}},"type":"binary-expr","locations":[{"start":{"line":17,"column":20},"end":{"line":17,"column":28}},{"start":{"line":17,"column":32},"end":{"line":17,"column":45}}],"line":17},"7":{"loc":{"start":{"line":19,"column":16},"end":{"line":19,"column":92}},"type":"if","locations":[{"start":{"line":19,"column":16},"end":{"line":19,"column":92}},{"start":{"line":19,"column":16},"end":{"line":19,"column":92}}],"line":19},"8":{"loc":{"start":{"line":23,"column":16},"end":{"line":23,"column":52}},"type":"if","locations":[{"start":{"line":23,"column":16},"end":{"line":23,"column":52}},{"start":{"line":23,"column":16},"end":{"line":23,"column":52}}],"line":23},"9":{"loc":{"start":{"line":23,"column":20},"end":{"line":23,"column":45}},"type":"binary-expr","locations":[{"start":{"line":23,"column":20},"end":{"line":23,"column":28}},{"start":{"line":23,"column":32},"end":{"line":23,"column":45}}],"line":23},"10":{"loc":{"start":{"line":25,"column":16},"end":{"line":25,"column":90}},"type":"if","locations":[{"start":{"line":25,"column":16},"end":{"line":25,"column":90}},{"start":{"line":25,"column":16},"end":{"line":25,"column":90}}],"line":25}},"s":{"0":1,"1":345,"2":901,"3":701,"4":4,"5":697,"6":193,"7":504,"8":62,"9":442,"10":96,"11":0,"12":96,"13":24,"14":72,"15":104,"16":0,"17":104,"18":15,"19":1},"f":{"0":345,"1":901},"b":{"0":[701,96,104],"1":[4,697],"2":[701,24],"3":[193,504],"4":[62,442],"5":[0,96],"6":[96,96],"7":[24,72],"8":[0,104],"9":[104,0],"10":[15,89]},"_coverageSchema":"43e27e138ebf9cfc5966b082cf9a028302ed4184","hash":"dcaa3540151ab1a927f764d70e4bd27728367c30","contentHash":"5622d6e62aec23c7eefd682d135b1c50"}}